[ 2017-09-30T12:25:27+08:00 ] 58.22.7.108 /data/upload/business/1506593126code
ERR: 无法加载控制器:Data

[ 2017-09-30T12:25:29+08:00 ] 58.22.7.108 /data/upload/business/1506593126code
ERR: 无法加载控制器:Data

[ 2017-09-30T12:25:31+08:00 ] 58.22.7.108 /data/upload/business/1506593126code
ERR: 无法加载控制器:Data

[ 2017-09-30T12:25:41+08:00 ] 58.22.7.108 /data/upload/business/1506593126code
ERR: 无法加载控制器:Data

[ 2017-09-30T12:25:43+08:00 ] 58.22.7.108 /data/upload/business/1506593126code
ERR: 无法加载控制器:Data

[ 2017-09-30T12:25:43+08:00 ] 58.22.7.108 /data/upload/business/1506593126code
ERR: 无法加载控制器:Data

[ 2017-09-30T12:25:44+08:00 ] 58.22.7.108 /data/upload/business/1506593126code
ERR: 无法加载控制器:Data

[ 2017-09-30T12:25:44+08:00 ] 58.22.7.108 /data/upload/business/1506593126code
ERR: 无法加载控制器:Data

[ 2017-09-30T12:25:45+08:00 ] 58.22.7.108 /data/upload/business/1506593126code
ERR: 无法加载控制器:Data

[ 2017-09-30T12:25:45+08:00 ] 58.22.7.108 /data/upload/business/1506593126code
ERR: 无法加载控制器:Data

[ 2017-09-30T12:25:49+08:00 ] 58.22.7.108 /data/upload/business/1506593126code
ERR: 无法加载控制器:Data

[ 2017-09-30T12:25:49+08:00 ] 58.22.7.108 /data/upload/business/1506593126code
ERR: 无法加载控制器:Data

[ 2017-09-30T12:25:49+08:00 ] 58.22.7.108 /data/upload/business/1506593126code
ERR: 无法加载控制器:Data

[ 2017-09-30T12:25:49+08:00 ] 58.22.7.108 /data/upload/business/1506593126code
ERR: 无法加载控制器:Data

[ 2017-09-30T12:25:50+08:00 ] 58.22.7.108 /data/upload/business/1506593126code
ERR: 无法加载控制器:Data

[ 2017-09-30T12:25:50+08:00 ] 58.22.7.108 /data/upload/business/1506593126code
ERR: 无法加载控制器:Data

[ 2017-09-30T12:25:50+08:00 ] 58.22.7.108 /data/upload/business/1506593126code
ERR: 无法加载控制器:Data

[ 2017-09-30T12:25:51+08:00 ] 58.22.7.108 /data/upload/business/1506593126code
ERR: 无法加载控制器:Data

[ 2017-09-30T12:25:51+08:00 ] 58.22.7.108 /data/upload/business/1506593126code
ERR: 无法加载控制器:Data

[ 2017-09-30T12:25:51+08:00 ] 58.22.7.108 /data/upload/business/1506593126code
ERR: 无法加载控制器:Data

[ 2017-09-30T12:25:52+08:00 ] 58.22.7.108 /data/upload/business/1506593126code
ERR: 无法加载控制器:Data

[ 2017-09-30T12:25:52+08:00 ] 58.22.7.108 /data/upload/business/1506593126code
ERR: 无法加载控制器:Data

[ 2017-09-30T12:25:52+08:00 ] 58.22.7.108 /data/upload/business/1506593126code
ERR: 无法加载控制器:Data

[ 2017-09-30T12:25:53+08:00 ] 58.22.7.108 /data/upload/business/1506593126code
ERR: 无法加载控制器:Data

[ 2017-09-30T12:25:55+08:00 ] 58.22.7.108 /data/upload/business/1506593126code
ERR: 无法加载控制器:Data

[ 2017-09-30T12:26:01+08:00 ] 58.22.7.108 /data/upload/business/1506593126code
ERR: 无法加载控制器:Data

[ 2017-09-30T12:26:02+08:00 ] 58.22.7.108 /data/upload/business/1506593126code
ERR: 无法加载控制器:Data

[ 2017-09-30T12:26:02+08:00 ] 58.22.7.108 /data/upload/business/1506593126code
ERR: 无法加载控制器:Data

[ 2017-09-30T12:26:02+08:00 ] 58.22.7.108 /data/upload/business/1506593126code
ERR: 无法加载控制器:Data

[ 2017-09-30T12:26:02+08:00 ] 58.22.7.108 /data/upload/business/1506593126code
ERR: 无法加载控制器:Data

[ 2017-09-30T12:26:02+08:00 ] 58.22.7.108 /data/upload/business/1506593126code
ERR: 无法加载控制器:Data

[ 2017-09-30T12:26:03+08:00 ] 58.22.7.108 /data/upload/business/1506593126code
ERR: 无法加载控制器:Data

[ 2017-09-30T12:26:03+08:00 ] 58.22.7.108 /data/upload/business/1506593126code
ERR: 无法加载控制器:Data

[ 2017-09-30T12:26:03+08:00 ] 58.22.7.108 /data/upload/business/1506593126code
ERR: 无法加载控制器:Data

[ 2017-09-30T12:26:03+08:00 ] 58.22.7.108 /data/upload/business/1506593126code
ERR: 无法加载控制器:Data

[ 2017-09-30T12:26:03+08:00 ] 58.22.7.108 /data/upload/business/1506593126code
ERR: 无法加载控制器:Data

[ 2017-09-30T12:26:04+08:00 ] 58.22.7.108 /data/upload/business/1506593126code
ERR: 无法加载控制器:Data

[ 2017-09-30T12:26:04+08:00 ] 58.22.7.108 /data/upload/business/1506593126code
ERR: 无法加载控制器:Data

[ 2017-09-30T12:26:04+08:00 ] 58.22.7.108 /data/upload/business/1506593126code
ERR: 无法加载控制器:Data

[ 2017-09-30T12:26:04+08:00 ] 58.22.7.108 /data/upload/business/1506593126code
ERR: 无法加载控制器:Data

[ 2017-09-30T12:26:04+08:00 ] 58.22.7.108 /data/upload/business/1506593126code
ERR: 无法加载控制器:Data

[ 2017-09-30T12:26:04+08:00 ] 58.22.7.108 /data/upload/business/1506593126code
ERR: 无法加载控制器:Data

[ 2017-09-30T12:26:05+08:00 ] 58.22.7.108 /data/upload/business/1506593126code
ERR: 无法加载控制器:Data

[ 2017-09-30T12:26:05+08:00 ] 58.22.7.108 /data/upload/business/1506593126code
ERR: 无法加载控制器:Data

[ 2017-09-30T12:26:06+08:00 ] 58.22.7.108 /data/upload/business/1506593126code
ERR: 无法加载控制器:Data

[ 2017-09-30T12:26:06+08:00 ] 58.22.7.108 /data/upload/business/1506593126code
ERR: 无法加载控制器:Data

[ 2017-09-30T12:26:07+08:00 ] 58.22.7.108 /data/upload/business/1506593126code
ERR: 无法加载控制器:Data

[ 2017-09-30T12:26:07+08:00 ] 58.22.7.108 /data/upload/business/1506593126code
ERR: 无法加载控制器:Data

[ 2017-09-30T12:26:07+08:00 ] 58.22.7.108 /data/upload/business/1506593126code
ERR: 无法加载控制器:Data

[ 2017-09-30T12:26:08+08:00 ] 58.22.7.108 /data/upload/business/1506593126code
ERR: 无法加载控制器:Data

[ 2017-09-30T12:26:09+08:00 ] 58.22.7.108 /data/upload/business/1506593126code
ERR: 无法加载控制器:Data

[ 2017-09-30T12:26:09+08:00 ] 58.22.7.108 /data/upload/business/1506593126code
ERR: 无法加载控制器:Data

[ 2017-09-30T12:26:09+08:00 ] 58.22.7.108 /data/upload/business/1506593126code
ERR: 无法加载控制器:Data

[ 2017-09-30T12:26:11+08:00 ] 58.22.7.108 /
NOTIC: D方法实例化没找到模型类Common\Model\ProductModel
NOTIC: D方法实例化没找到模型类Common\Model\TermsModel
NOTIC: D方法实例化没找到模型类Common\Model\TermRelationshipsModel
NOTIC: D方法实例化没找到模型类Common\Model\PostsModel

[ 2017-09-30T12:26:15+08:00 ] 58.22.7.108 /index.php?g=&
NOTIC: D方法实例化没找到模型类Common\Model\ProductModel
NOTIC: D方法实例化没找到模型类Common\Model\TermsModel
NOTIC: D方法实例化没找到模型类Common\Model\TermRelationshipsModel
NOTIC: D方法实例化没找到模型类Common\Model\PostsModel

[ 2017-09-30T12:26:17+08:00 ] 58.22.7.108 /index.php?g=&
NOTIC: D方法实例化没找到模型类Common\Model\ProductModel
NOTIC: D方法实例化没找到模型类Common\Model\TermsModel
NOTIC: D方法实例化没找到模型类Common\Model\TermRelationshipsModel
NOTIC: D方法实例化没找到模型类Common\Model\PostsModel

[ 2017-09-30T12:26:21+08:00 ] 140.207.185.107 /
NOTIC: D方法实例化没找到模型类Common\Model\ProductModel
NOTIC: D方法实例化没找到模型类Common\Model\TermsModel
NOTIC: D方法实例化没找到模型类Common\Model\TermRelationshipsModel
NOTIC: D方法实例化没找到模型类Common\Model\PostsModel

[ 2017-09-30T12:26:22+08:00 ] 140.207.185.111 /
NOTIC: D方法实例化没找到模型类Common\Model\ProductModel
NOTIC: D方法实例化没找到模型类Common\Model\TermsModel
NOTIC: D方法实例化没找到模型类Common\Model\TermRelationshipsModel
NOTIC: D方法实例化没找到模型类Common\Model\PostsModel

[ 2017-09-30T12:26:25+08:00 ] 58.22.7.108 /index.php/admin/index
NOTIC: D方法实例化没找到模型类Common\Model\ProductModel
NOTIC: D方法实例化没找到模型类Common\Model\TermsModel
NOTIC: D方法实例化没找到模型类Common\Model\TermRelationshipsModel
NOTIC: D方法实例化没找到模型类Common\Model\PostsModel

[ 2017-09-30T12:26:35+08:00 ] 140.207.124.105 /index.php/admin/index
NOTIC: D方法实例化没找到模型类Common\Model\ProductModel
NOTIC: D方法实例化没找到模型类Common\Model\TermsModel
NOTIC: D方法实例化没找到模型类Common\Model\TermRelationshipsModel
NOTIC: D方法实例化没找到模型类Common\Model\PostsModel

[ 2017-09-30T12:26:37+08:00 ] 58.22.7.108 /data/upload/business/1506593126code
ERR: 无法加载控制器:Data

[ 2017-09-30T12:26:39+08:00 ] 58.22.7.108 /data/upload/business/1506593126code
ERR: 无法加载控制器:Data

[ 2017-09-30T12:26:39+08:00 ] 58.22.7.108 /data/upload/business/1506593126code
ERR: 无法加载控制器:Data

[ 2017-09-30T12:26:39+08:00 ] 58.22.7.108 /data/upload/business/1506593126code
ERR: 无法加载控制器:Data

[ 2017-09-30T12:26:39+08:00 ] 58.22.7.108 /data/upload/business/1506593126code
ERR: 无法加载控制器:Data

[ 2017-09-30T12:26:40+08:00 ] 58.22.7.108 /data/upload/business/1506593126code
ERR: 无法加载控制器:Data

[ 2017-09-30T12:26:41+08:00 ] 58.22.7.108 /data/upload/business/1506593126code
ERR: 无法加载控制器:Data

[ 2017-09-30T12:26:41+08:00 ] 58.22.7.108 /data/upload/business/1506593126code
ERR: 无法加载控制器:Data

[ 2017-09-30T12:26:42+08:00 ] 58.22.7.108 /data/upload/business/1506593126code
ERR: 无法加载控制器:Data

[ 2017-09-30T12:26:46+08:00 ] 58.22.7.108 /
NOTIC: D方法实例化没找到模型类Common\Model\ProductModel
NOTIC: D方法实例化没找到模型类Common\Model\TermsModel
NOTIC: D方法实例化没找到模型类Common\Model\TermRelationshipsModel
NOTIC: D方法实例化没找到模型类Common\Model\PostsModel

[ 2017-09-30T12:26:52+08:00 ] 58.22.7.108 /index.php?g=portal&m=index&a=search&search=goods&keyword=1
NOTIC: D方法实例化没找到模型类Common\Model\ProductModel
NOTIC: D方法实例化没找到模型类Common\Model\TermsModel
NOTIC: D方法实例化没找到模型类Common\Model\TermRelationshipsModel
NOTIC: D方法实例化没找到模型类Common\Model\PostsModel

[ 2017-09-30T12:29:19+08:00 ] 58.22.7.108 /data/upload/business/1506593126code
ERR: 无法加载控制器:Data

[ 2017-09-30T12:29:20+08:00 ] 58.22.7.108 /data/upload/business/1506593126code
ERR: 无法加载控制器:Data

[ 2017-09-30T12:31:09+08:00 ] 58.22.7.108 /data/upload/business/1506593126code
ERR: 无法加载控制器:Data

[ 2017-09-30T12:31:34+08:00 ] 58.22.7.108 /data/upload/business/1506593126code
ERR: 无法加载控制器:Data

[ 2017-09-30T13:45:50+08:00 ] 121.204.120.196 /
NOTIC: D方法实例化没找到模型类Common\Model\ProductModel
NOTIC: D方法实例化没找到模型类Common\Model\TermsModel
NOTIC: D方法实例化没找到模型类Common\Model\TermRelationshipsModel
NOTIC: D方法实例化没找到模型类Common\Model\PostsModel

[ 2017-09-30T13:46:08+08:00 ] 121.204.120.196 /
NOTIC: D方法实例化没找到模型类Common\Model\ProductModel
NOTIC: D方法实例化没找到模型类Common\Model\TermsModel
NOTIC: D方法实例化没找到模型类Common\Model\TermRelationshipsModel
NOTIC: D方法实例化没找到模型类Common\Model\PostsModel

[ 2017-09-30T13:46:37+08:00 ] 121.204.120.196 /data/upload/business/1506593126blogo
ERR: 无法加载控制器:Data

[ 2017-09-30T13:46:37+08:00 ] 121.204.120.196 /data/upload/business/1506593126code
ERR: 无法加载控制器:Data

[ 2017-09-30T13:46:40+08:00 ] 121.204.120.196 /index.php?g=portal&m=page&a=countsee
INFO: [ app_begin ] --START--
INFO: Run Behavior\ReadHtmlCacheBehavior [ RunTime:0.000024s ]
INFO: Run Behavior\CheckLangBehavior [ RunTime:0.000078s ]
INFO: [ app_begin ] --END-- [ RunTime:0.000150s ]
INFO: [ app_end ] --START--
INFO: Run Behavior\ShowPageTraceBehavior [ RunTime:0.000037s ]
INFO: [ app_end ] --END-- [ RunTime:0.000061s ]

[ 2017-09-30T13:46:52+08:00 ] 121.204.120.196 /index.php?g=&m=index&a=index
NOTIC: D方法实例化没找到模型类Common\Model\ProductModel
NOTIC: D方法实例化没找到模型类Common\Model\TermsModel
NOTIC: D方法实例化没找到模型类Common\Model\TermRelationshipsModel
NOTIC: D方法实例化没找到模型类Common\Model\PostsModel

[ 2017-09-30T13:47:17+08:00 ] 58.22.113.9 /
NOTIC: D方法实例化没找到模型类Common\Model\ProductModel
NOTIC: D方法实例化没找到模型类Common\Model\TermsModel
NOTIC: D方法实例化没找到模型类Common\Model\TermRelationshipsModel
NOTIC: D方法实例化没找到模型类Common\Model\PostsModel

[ 2017-09-30T13:47:18+08:00 ] 58.22.113.9 /index.php?g=portal&m=page&a=index
INFO: [ app_begin ] --START--
INFO: Run Behavior\ReadHtmlCacheBehavior [ RunTime:0.000025s ]
INFO: Run Behavior\CheckLangBehavior [ RunTime:0.000087s ]
INFO: [ app_begin ] --END-- [ RunTime:0.000158s ]

[ 2017-09-30T13:47:25+08:00 ] 58.22.113.9 /index.php?g=portal&m=page&a=searchinfo
INFO: [ app_begin ] --START--
INFO: Run Behavior\ReadHtmlCacheBehavior [ RunTime:0.000027s ]
INFO: Run Behavior\CheckLangBehavior [ RunTime:0.000088s ]
INFO: [ app_begin ] --END-- [ RunTime:0.000164s ]
INFO: [ view_parse ] --START--
INFO: [ template_filter ] --START--
INFO: Run Behavior\ContentReplaceBehavior [ RunTime:0.000075s ]
INFO: [ template_filter ] --END-- [ RunTime:0.000104s ]
SQL: SHOW COLUMNS FROM `ts_search` [ RunTime:0.0005s ]
NOTIC: [8] Use of undefined constant goods - assumed 'goods' /data/wwwroot/xiefu/data/runtime/Cache/Portal/7ffb53dd32e7e56abdd07a06a9d18dee.php 第 99 行.
SQL: SELECT * FROM `ts_search` WHERE `search` = 'goods' ORDER BY count desc LIMIT 8   [ RunTime:0.0003s ]
INFO: Run Behavior\ParseTemplateBehavior [ RunTime:0.005758s ]
INFO: [ view_parse ] --END-- [ RunTime:0.005788s ]
INFO: [ view_filter ] --START--
INFO: Run Behavior\WriteHtmlCacheBehavior [ RunTime:0.000033s ]
INFO: Run Common\Behavior\TmplStripSpaceBehavior [ RunTime:0.000135s ]
INFO: [ view_filter ] --END-- [ RunTime:0.000201s ]
INFO: [ app_end ] --START--
INFO: Run Behavior\ShowPageTraceBehavior [ RunTime:0.000025s ]
INFO: [ app_end ] --END-- [ RunTime:0.000042s ]

[ 2017-09-30T13:47:29+08:00 ] 58.22.113.9 /index.php?g=portal&m=page&a=searchinfo
INFO: [ app_begin ] --START--
INFO: Run Behavior\ReadHtmlCacheBehavior [ RunTime:0.000025s ]
INFO: Run Behavior\CheckLangBehavior [ RunTime:0.000075s ]
INFO: [ app_begin ] --END-- [ RunTime:0.000145s ]
INFO: [ view_parse ] --START--
INFO: [ template_filter ] --START--
INFO: Run Behavior\ContentReplaceBehavior [ RunTime:0.000065s ]
INFO: [ template_filter ] --END-- [ RunTime:0.000091s ]
SQL: SHOW COLUMNS FROM `ts_search` [ RunTime:0.0005s ]
NOTIC: [8] Use of undefined constant goods - assumed 'goods' /data/wwwroot/xiefu/data/runtime/Cache/Portal/7ffb53dd32e7e56abdd07a06a9d18dee.php 第 99 行.
SQL: SELECT * FROM `ts_search` WHERE `search` = 'goods' ORDER BY count desc LIMIT 8   [ RunTime:0.0001s ]
INFO: Run Behavior\ParseTemplateBehavior [ RunTime:0.005499s ]
INFO: [ view_parse ] --END-- [ RunTime:0.005528s ]
INFO: [ view_filter ] --START--
INFO: Run Behavior\WriteHtmlCacheBehavior [ RunTime:0.000033s ]
INFO: Run Common\Behavior\TmplStripSpaceBehavior [ RunTime:0.000111s ]
INFO: [ view_filter ] --END-- [ RunTime:0.000184s ]
INFO: [ app_end ] --START--
INFO: Run Behavior\ShowPageTraceBehavior [ RunTime:0.000024s ]
INFO: [ app_end ] --END-- [ RunTime:0.000041s ]

[ 2017-09-30T13:47:37+08:00 ] 58.22.113.9 /index.php?g=portal&m=index&a=search&search=goods&keyword=%E8%80%90%E5%85%8B
INFO: [ app_begin ] --START--
INFO: Run Behavior\ReadHtmlCacheBehavior [ RunTime:0.000025s ]
INFO: Run Behavior\CheckLangBehavior [ RunTime:0.000075s ]
INFO: [ app_begin ] --END-- [ RunTime:0.000155s ]
NOTIC: D方法实例化没找到模型类Common\Model\ProductModel
SQL: SHOW COLUMNS FROM `ts_product` [ RunTime:0.0006s ]
NOTIC: D方法实例化没找到模型类Common\Model\TermsModel
SQL: SHOW COLUMNS FROM `ts_terms` [ RunTime:0.0004s ]
NOTIC: D方法实例化没找到模型类Common\Model\TermRelationshipsModel
SQL: SHOW COLUMNS FROM `ts_term_relationships` [ RunTime:0.0003s ]
NOTIC: D方法实例化没找到模型类Common\Model\PostsModel
SQL: SHOW COLUMNS FROM `ts_posts` [ RunTime:0.0004s ]
SQL: SHOW COLUMNS FROM `ts_links` [ RunTime:0.0003s ]
SQL: SHOW COLUMNS FROM `ts_guestbook` [ RunTime:0.0003s ]
SQL: SHOW COLUMNS FROM `ts_search` [ RunTime:0.0003s ]
SQL: SELECT * FROM `ts_search` WHERE `keyword` = '耐克' AND `search` = 'goods' LIMIT 1   [ RunTime:0.0003s ]
SQL: UPDATE `ts_search` SET `count`=count+1 WHERE `keyword` = '耐克' AND `search` = 'goods' [ RunTime:0.0003s ]
SQL: SHOW COLUMNS FROM `ts_ablum` [ RunTime:0.0004s ]
SQL: SELECT COUNT(*) AS tp_count FROM `ts_ablum` INNER JOIN ts_business on ts_business.bid=ts_ablum.bid  WHERE `title` LIKE '%耐克%' AND `sh` = 0 LIMIT 1   [ RunTime:0.0013s ]
NOTIC: [8] Undefined variable: pList /data/wwwroot/xiefu/simplewind/Lib/Util/Page.class.php 第 226 行.
NOTIC: [8] Undefined variable: pListStart /data/wwwroot/xiefu/simplewind/Lib/Util/Page.class.php 第 335 行.
NOTIC: [8] Undefined variable: pListEnd /data/wwwroot/xiefu/simplewind/Lib/Util/Page.class.php 第 335 行.
NOTIC: [8] Undefined variable: pFirst /data/wwwroot/xiefu/simplewind/Lib/Util/Page.class.php 第 335 行.
NOTIC: [8] Undefined variable: pPrev /data/wwwroot/xiefu/simplewind/Lib/Util/Page.class.php 第 335 行.
SQL: SELECT * FROM `ts_ablum` INNER JOIN ts_business on ts_business.bid=ts_ablum.bid  WHERE `title` LIKE '%耐克%' AND `sh` = 0 LIMIT 0,8   [ RunTime:0.0007s ]
INFO: [ view_parse ] --START--
INFO: [ template_filter ] --START--
INFO: Run Behavior\ContentReplaceBehavior [ RunTime:0.000063s ]
INFO: [ template_filter ] --END-- [ RunTime:0.000089s ]
INFO: Run Behavior\ParseTemplateBehavior [ RunTime:0.004535s ]
INFO: [ view_parse ] --END-- [ RunTime:0.004563s ]
INFO: [ view_filter ] --START--
INFO: Run Behavior\WriteHtmlCacheBehavior [ RunTime:0.000028s ]
INFO: Run Common\Behavior\TmplStripSpaceBehavior [ RunTime:0.000245s ]
INFO: [ view_filter ] --END-- [ RunTime:0.000305s ]
INFO: [ app_end ] --START--
INFO: Run Behavior\ShowPageTraceBehavior [ RunTime:0.000026s ]
INFO: [ app_end ] --END-- [ RunTime:0.000046s ]

[ 2017-09-30T13:47:44+08:00 ] 58.22.113.9 /index.php?g=portal&m=page&a=business&bid=000088
INFO: [ app_begin ] --START--
INFO: Run Behavior\ReadHtmlCacheBehavior [ RunTime:0.000027s ]
INFO: Run Behavior\CheckLangBehavior [ RunTime:0.000103s ]
INFO: [ app_begin ] --END-- [ RunTime:0.000182s ]
SQL: SHOW COLUMNS FROM `ts_business` [ RunTime:0.0007s ]
SQL: SELECT *,ts_business.name as bname FROM `ts_business` left join ts_region_conf on ts_business.city=ts_region_conf.id  WHERE `bid` = '000088'  [ RunTime:0.0001s ]
INFO: [ view_parse ] --START--
INFO: [ template_filter ] --START--
INFO: Run Behavior\ContentReplaceBehavior [ RunTime:0.000054s ]
INFO: [ template_filter ] --END-- [ RunTime:0.000082s ]
INFO: Run Behavior\ParseTemplateBehavior [ RunTime:0.003256s ]
INFO: [ view_parse ] --END-- [ RunTime:0.003284s ]
INFO: [ view_filter ] --START--
INFO: Run Behavior\WriteHtmlCacheBehavior [ RunTime:0.000027s ]
INFO: Run Common\Behavior\TmplStripSpaceBehavior [ RunTime:0.000094s ]
INFO: [ view_filter ] --END-- [ RunTime:0.000151s ]
INFO: [ app_end ] --START--
INFO: Run Behavior\ShowPageTraceBehavior [ RunTime:0.000024s ]
INFO: [ app_end ] --END-- [ RunTime:0.000042s ]

[ 2017-09-30T13:48:11+08:00 ] 58.22.113.9 /index.php?g=portal&m=index&a=catesearch&first=MUJI&keyword=148
INFO: [ app_begin ] --START--
INFO: Run Behavior\ReadHtmlCacheBehavior [ RunTime:0.000031s ]
INFO: Run Behavior\CheckLangBehavior [ RunTime:0.000100s ]
INFO: [ app_begin ] --END-- [ RunTime:0.000187s ]
NOTIC: D方法实例化没找到模型类Common\Model\ProductModel
SQL: SHOW COLUMNS FROM `ts_product` [ RunTime:0.0006s ]
NOTIC: D方法实例化没找到模型类Common\Model\TermsModel
SQL: SHOW COLUMNS FROM `ts_terms` [ RunTime:0.0004s ]
NOTIC: D方法实例化没找到模型类Common\Model\TermRelationshipsModel
SQL: SHOW COLUMNS FROM `ts_term_relationships` [ RunTime:0.0003s ]
NOTIC: D方法实例化没找到模型类Common\Model\PostsModel
SQL: SHOW COLUMNS FROM `ts_posts` [ RunTime:0.0004s ]
SQL: SHOW COLUMNS FROM `ts_links` [ RunTime:0.0003s ]
SQL: SHOW COLUMNS FROM `ts_guestbook` [ RunTime:0.0003s ]
SQL: SHOW COLUMNS FROM `ts_business` [ RunTime:0.0004s ]
SQL: SELECT COUNT(*) AS tp_count FROM `ts_business` WHERE `category_id` LIKE '%148%' AND `sh` = 0 LIMIT 1   [ RunTime:0.0002s ]
SQL: SELECT * FROM `ts_business` WHERE `category_id` LIKE '%148%' AND `sh` = 0 ORDER BY listorders LIMIT 0,10   [ RunTime:0.0003s ]
INFO: [ view_parse ] --START--
INFO: [ template_filter ] --START--
INFO: Run Behavior\ContentReplaceBehavior [ RunTime:0.000069s ]
INFO: [ template_filter ] --END-- [ RunTime:0.000098s ]
NOTIC: [8] Undefined index: second /data/wwwroot/xiefu/data/runtime/Cache/Portal/6c14a7e107dc729a389fe8c2c7bbceb6.php 第 81 行.
NOTIC: [8] Undefined index: third /data/wwwroot/xiefu/data/runtime/Cache/Portal/6c14a7e107dc729a389fe8c2c7bbceb6.php 第 81 行.
INFO: Run Behavior\ParseTemplateBehavior [ RunTime:0.004055s ]
INFO: [ view_parse ] --END-- [ RunTime:0.004080s ]
INFO: [ view_filter ] --START--
INFO: Run Behavior\WriteHtmlCacheBehavior [ RunTime:0.000033s ]
INFO: Run Common\Behavior\TmplStripSpaceBehavior [ RunTime:0.000088s ]
INFO: [ view_filter ] --END-- [ RunTime:0.000150s ]
INFO: [ app_end ] --START--
INFO: Run Behavior\ShowPageTraceBehavior [ RunTime:0.000038s ]
INFO: [ app_end ] --END-- [ RunTime:0.000057s ]

[ 2017-09-30T13:48:24+08:00 ] 58.22.113.9 /index.php?g=portal&m=page&a=zazamarket
INFO: [ app_begin ] --START--
INFO: Run Behavior\ReadHtmlCacheBehavior [ RunTime:0.000026s ]
INFO: Run Behavior\CheckLangBehavior [ RunTime:0.000076s ]
INFO: [ app_begin ] --END-- [ RunTime:0.000147s ]
NOTIC: [8] Undefined index: sort /data/wwwroot/xiefu/application/Portal/Controller/PageController.class.php 第 100 行.
SQL: SHOW COLUMNS FROM `ts_market` [ RunTime:0.0007s ]
SQL: SELECT COUNT(*) AS tp_count FROM `ts_market` WHERE `is_delete` = 0 AND `status` = 1 ORDER BY istop desc LIMIT 1   [ RunTime:0.0001s ]
SQL: SHOW COLUMNS FROM `ts_markettype` [ RunTime:0.0003s ]
SQL: SELECT * FROM `ts_markettype`  [ RunTime:0.0001s ]
NOTIC: [8] Undefined variable: Page /data/wwwroot/xiefu/application/Portal/Controller/PageController.class.php 第 107 行.
NOTIC: [8] Trying to get property of non-object /data/wwwroot/xiefu/application/Portal/Controller/PageController.class.php 第 107 行.
NOTIC: [8] Undefined variable: Page /data/wwwroot/xiefu/application/Portal/Controller/PageController.class.php 第 107 行.
NOTIC: [8] Trying to get property of non-object /data/wwwroot/xiefu/application/Portal/Controller/PageController.class.php 第 107 行.
SQL: SELECT *,ts_market.id as mid FROM `ts_market` INNER JOIN ts_users on ts_market.user_id=ts_users.id  WHERE `is_delete` = 0 AND `status` = 1 ORDER BY istop desc  [ RunTime:0.0002s ]
INFO: [ view_parse ] --START--
INFO: [ template_filter ] --START--
INFO: Run Behavior\ContentReplaceBehavior [ RunTime:0.000065s ]
INFO: [ template_filter ] --END-- [ RunTime:0.000094s ]
INFO: Run Behavior\ParseTemplateBehavior [ RunTime:0.005799s ]
INFO: [ view_parse ] --END-- [ RunTime:0.005829s ]
INFO: [ view_filter ] --START--
INFO: Run Behavior\WriteHtmlCacheBehavior [ RunTime:0.000029s ]
INFO: Run Common\Behavior\TmplStripSpaceBehavior [ RunTime:0.000172s ]
INFO: [ view_filter ] --END-- [ RunTime:0.000229s ]
INFO: [ app_end ] --START--
INFO: Run Behavior\ShowPageTraceBehavior [ RunTime:0.000025s ]
INFO: [ app_end ] --END-- [ RunTime:0.000044s ]

[ 2017-09-30T13:48:27+08:00 ] 58.22.113.9 /index.php?g=portal&m=page&a=report
INFO: [ app_begin ] --START--
INFO: Run Behavior\ReadHtmlCacheBehavior [ RunTime:0.000026s ]
INFO: Run Behavior\CheckLangBehavior [ RunTime:0.000076s ]
INFO: [ app_begin ] --END-- [ RunTime:0.000148s ]
NOTIC: [8] Undefined index: type /data/wwwroot/xiefu/application/Portal/Controller/PageController.class.php 第 15 行.
NOTIC: [8] Undefined index: brand /data/wwwroot/xiefu/application/Portal/Controller/PageController.class.php 第 18 行.
SQL: SHOW COLUMNS FROM `ts_report_goods` [ RunTime:0.0006s ]
SQL: SELECT COUNT(*) AS tp_count FROM ts_report_goods as a WHERE `status` = 1 AND `is_delete` = 0 LIMIT 1   [ RunTime:0.0001s ]
SQL: SHOW COLUMNS FROM `ts_category` [ RunTime:0.0004s ]
SQL: SELECT * FROM `ts_category` WHERE ( parentid=0 )  [ RunTime:0.0001s ]
NOTIC: [8] Undefined variable: goods /data/wwwroot/xiefu/application/Portal/Controller/PageController.class.php 第 26 行.
NOTIC: [8] Undefined index: :reportgoods /data/wwwroot/xiefu/simplewind/Lib/Util/Page.class.php 第 184 行.
NOTIC: [8] Undefined variable: pList /data/wwwroot/xiefu/simplewind/Lib/Util/Page.class.php 第 226 行.
NOTIC: [8] Undefined variable: pListStart /data/wwwroot/xiefu/simplewind/Lib/Util/Page.class.php 第 335 行.
NOTIC: [8] Undefined variable: pListEnd /data/wwwroot/xiefu/simplewind/Lib/Util/Page.class.php 第 335 行.
NOTIC: [8] Undefined variable: pFirst /data/wwwroot/xiefu/simplewind/Lib/Util/Page.class.php 第 335 行.
NOTIC: [8] Undefined variable: pPrev /data/wwwroot/xiefu/simplewind/Lib/Util/Page.class.php 第 335 行.
SQL: SELECT * FROM ts_report_goods as a WHERE `status` = 1 AND `is_delete` = 0 ORDER BY creat_time desc LIMIT 0,8   [ RunTime:0.0001s ]
SQL: SHOW COLUMNS FROM `ts_report_have` [ RunTime:0.0003s ]
SQL: SELECT * FROM `ts_report_have`  [ RunTime:0.0001s ]
NOTIC: [8] Undefined offset: 8 /data/wwwroot/xiefu/application/Portal/Controller/PageController.class.php 第 39 行.
NOTIC: [8] Undefined offset: 9 /data/wwwroot/xiefu/application/Portal/Controller/PageController.class.php 第 39 行.
NOTIC: [8] Undefined offset: 8 /data/wwwroot/xiefu/application/Portal/Controller/PageController.class.php 第 39 行.
NOTIC: [8] Undefined offset: 9 /data/wwwroot/xiefu/application/Portal/Controller/PageController.class.php 第 39 行.
NOTIC: [8] Undefined offset: 8 /data/wwwroot/xiefu/application/Portal/Controller/PageController.class.php 第 39 行.
NOTIC: [8] Undefined offset: 9 /data/wwwroot/xiefu/application/Portal/Controller/PageController.class.php 第 39 行.
NOTIC: [8] Undefined offset: 8 /data/wwwroot/xiefu/application/Portal/Controller/PageController.class.php 第 39 行.
NOTIC: [8] Undefined offset: 9 /data/wwwroot/xiefu/application/Portal/Controller/PageController.class.php 第 39 行.
NOTIC: [8] Undefined offset: 8 /data/wwwroot/xiefu/application/Portal/Controller/PageController.class.php 第 39 行.
NOTIC: [8] Undefined offset: 9 /data/wwwroot/xiefu/application/Portal/Controller/PageController.class.php 第 39 行.
NOTIC: [8] Undefined offset: 8 /data/wwwroot/xiefu/application/Portal/Controller/PageController.class.php 第 39 行.
NOTIC: [8] Undefined offset: 9 /data/wwwroot/xiefu/application/Portal/Controller/PageController.class.php 第 39 行.
NOTIC: [8] Undefined offset: 8 /data/wwwroot/xiefu/application/Portal/Controller/PageController.class.php 第 39 行.
NOTIC: [8] Undefined offset: 9 /data/wwwroot/xiefu/application/Portal/Controller/PageController.class.php 第 39 行.
NOTIC: [8] Undefined offset: 8 /data/wwwroot/xiefu/application/Portal/Controller/PageController.class.php 第 39 行.
NOTIC: [8] Undefined offset: 9 /data/wwwroot/xiefu/application/Portal/Controller/PageController.class.php 第 39 行.
NOTIC: [8] Undefined offset: 8 /data/wwwroot/xiefu/application/Portal/Controller/PageController.class.php 第 39 行.
NOTIC: [8] Undefined offset: 9 /data/wwwroot/xiefu/application/Portal/Controller/PageController.class.php 第 39 行.
NOTIC: [8] Undefined offset: 8 /data/wwwroot/xiefu/application/Portal/Controller/PageController.class.php 第 39 行.
NOTIC: [8] Undefined offset: 9 /data/wwwroot/xiefu/application/Portal/Controller/PageController.class.php 第 39 行.
NOTIC: [8] Undefined offset: 8 /data/wwwroot/xiefu/application/Portal/Controller/PageController.class.php 第 39 行.
NOTIC: [8] Undefined offset: 9 /data/wwwroot/xiefu/application/Portal/Controller/PageController.class.php 第 39 行.
NOTIC: [8] Undefined offset: 8 /data/wwwroot/xiefu/application/Portal/Controller/PageController.class.php 第 39 行.
NOTIC: [8] Undefined offset: 9 /data/wwwroot/xiefu/application/Portal/Controller/PageController.class.php 第 39 行.
NOTIC: [8] Undefined offset: 8 /data/wwwroot/xiefu/application/Portal/Controller/PageController.class.php 第 39 行.
NOTIC: [8] Undefined offset: 9 /data/wwwroot/xiefu/application/Portal/Controller/PageController.class.php 第 39 行.
NOTIC: [8] Undefined offset: 8 /data/wwwroot/xiefu/application/Portal/Controller/PageController.class.php 第 39 行.
NOTIC: [8] Undefined offset: 9 /data/wwwroot/xiefu/application/Portal/Controller/PageController.class.php 第 39 行.
NOTIC: [8] Undefined offset: 8 /data/wwwroot/xiefu/application/Portal/Controller/PageController.class.php 第 39 行.
NOTIC: [8] Undefined offset: 9 /data/wwwroot/xiefu/application/Portal/Controller/PageController.class.php 第 39 行.
NOTIC: [8] Undefined offset: 8 /data/wwwroot/xiefu/application/Portal/Controller/PageController.class.php 第 39 行.
NOTIC: [8] Undefined offset: 9 /data/wwwroot/xiefu/application/Portal/Controller/PageController.class.php 第 39 行.
NOTIC: [8] Undefined offset: 8 /data/wwwroot/xiefu/application/Portal/Controller/PageController.class.php 第 39 行.
NOTIC: [8] Undefined offset: 9 /data/wwwroot/xiefu/application/Portal/Controller/PageController.class.php 第 39 行.
NOTIC: [8] Undefined offset: 8 /data/wwwroot/xiefu/application/Portal/Controller/PageController.class.php 第 39 行.
NOTIC: [8] Undefined offset: 9 /data/wwwroot/xiefu/application/Portal/Controller/PageController.class.php 第 39 行.
INFO: [ view_parse ] --START--
INFO: [ template_filter ] --START--
INFO: Run Behavior\ContentReplaceBehavior [ RunTime:0.000075s ]
INFO: [ template_filter ] --END-- [ RunTime:0.000104s ]
INFO: Run Behavior\ParseTemplateBehavior [ RunTime:0.005153s ]
INFO: [ view_parse ] --END-- [ RunTime:0.005184s ]
INFO: [ view_filter ] --START--
INFO: Run Behavior\WriteHtmlCacheBehavior [ RunTime:0.000030s ]
INFO: Run Common\Behavior\TmplStripSpaceBehavior [ RunTime:0.000148s ]
INFO: [ view_filter ] --END-- [ RunTime:0.000211s ]
INFO: [ app_end ] --START--
INFO: Run Behavior\ShowPageTraceBehavior [ RunTime:0.000027s ]
INFO: [ app_end ] --END-- [ RunTime:0.000048s ]

[ 2017-09-30T13:48:28+08:00 ] 58.22.113.9 /index.php?g=portal&m=page&a=newstyle
INFO: [ app_begin ] --START--
INFO: Run Behavior\ReadHtmlCacheBehavior [ RunTime:0.000043s ]
INFO: Run Behavior\CheckLangBehavior [ RunTime:0.000099s ]
INFO: [ app_begin ] --END-- [ RunTime:0.000210s ]
NOTIC: [8] Undefined index: brand /data/wwwroot/xiefu/application/Portal/Controller/PageController.class.php 第 53 行.
SQL: SHOW COLUMNS FROM `ts_newstyle` [ RunTime:0.0005s ]
SQL: SELECT COUNT(*) AS tp_count FROM `ts_newstyle` INNER JOIN ts_business on ts_business.user_id=ts_newstyle.user_id  WHERE `status` = 1 LIMIT 1   [ RunTime:0.0001s ]
NOTIC: [8] Undefined variable: pList /data/wwwroot/xiefu/simplewind/Lib/Util/Page.class.php 第 226 行.
NOTIC: [8] Undefined variable: pListStart /data/wwwroot/xiefu/simplewind/Lib/Util/Page.class.php 第 335 行.
NOTIC: [8] Undefined variable: pListEnd /data/wwwroot/xiefu/simplewind/Lib/Util/Page.class.php 第 335 行.
NOTIC: [8] Undefined variable: pFirst /data/wwwroot/xiefu/simplewind/Lib/Util/Page.class.php 第 335 行.
NOTIC: [8] Undefined variable: pPrev /data/wwwroot/xiefu/simplewind/Lib/Util/Page.class.php 第 335 行.
SQL: SELECT *,ts_newstyle.brand as brands FROM `ts_newstyle` INNER JOIN ts_business on ts_newstyle.user_id=ts_business.user_id  WHERE `status` = 1 LIMIT 0,8   [ RunTime:0.0002s ]
SQL: SELECT DISTINCT  `brand` FROM `ts_newstyle`  [ RunTime:0.0001s ]
INFO: [ view_parse ] --START--
INFO: [ template_filter ] --START--
INFO: Run Behavior\ContentReplaceBehavior [ RunTime:0.000060s ]
INFO: [ template_filter ] --END-- [ RunTime:0.000088s ]
INFO: Run Behavior\ParseTemplateBehavior [ RunTime:0.004838s ]
INFO: [ view_parse ] --END-- [ RunTime:0.004865s ]
INFO: [ view_filter ] --START--
INFO: Run Behavior\WriteHtmlCacheBehavior [ RunTime:0.000029s ]
INFO: Run Common\Behavior\TmplStripSpaceBehavior [ RunTime:0.000175s ]
INFO: [ view_filter ] --END-- [ RunTime:0.000232s ]
INFO: [ app_end ] --START--
INFO: Run Behavior\ShowPageTraceBehavior [ RunTime:0.000025s ]
INFO: [ app_end ] --END-- [ RunTime:0.000044s ]

[ 2017-09-30T13:48:32+08:00 ] 121.204.120.196 /index.php?g=portal&m=index&a=search&search=goods&keyword=
NOTIC: D方法实例化没找到模型类Common\Model\ProductModel
NOTIC: D方法实例化没找到模型类Common\Model\TermsModel
NOTIC: D方法实例化没找到模型类Common\Model\TermRelationshipsModel
NOTIC: D方法实例化没找到模型类Common\Model\PostsModel

[ 2017-09-30T13:48:39+08:00 ] 58.22.113.9 /index.php?g=portal&m=page&a=report
INFO: [ app_begin ] --START--
INFO: Run Behavior\ReadHtmlCacheBehavior [ RunTime:0.000027s ]
INFO: Run Behavior\CheckLangBehavior [ RunTime:0.000078s ]
INFO: [ app_begin ] --END-- [ RunTime:0.000153s ]
NOTIC: [8] Undefined index: type /data/wwwroot/xiefu/application/Portal/Controller/PageController.class.php 第 15 行.
NOTIC: [8] Undefined index: brand /data/wwwroot/xiefu/application/Portal/Controller/PageController.class.php 第 18 行.
SQL: SHOW COLUMNS FROM `ts_report_goods` [ RunTime:0.0006s ]
SQL: SELECT COUNT(*) AS tp_count FROM ts_report_goods as a WHERE `status` = 1 AND `is_delete` = 0 LIMIT 1   [ RunTime:0.0001s ]
SQL: SHOW COLUMNS FROM `ts_category` [ RunTime:0.0004s ]
SQL: SELECT * FROM `ts_category` WHERE ( parentid=0 )  [ RunTime:0.0001s ]
NOTIC: [8] Undefined variable: goods /data/wwwroot/xiefu/application/Portal/Controller/PageController.class.php 第 26 行.
NOTIC: [8] Undefined index: :reportgoods /data/wwwroot/xiefu/simplewind/Lib/Util/Page.class.php 第 184 行.
NOTIC: [8] Undefined variable: pList /data/wwwroot/xiefu/simplewind/Lib/Util/Page.class.php 第 226 行.
NOTIC: [8] Undefined variable: pListStart /data/wwwroot/xiefu/simplewind/Lib/Util/Page.class.php 第 335 行.
NOTIC: [8] Undefined variable: pListEnd /data/wwwroot/xiefu/simplewind/Lib/Util/Page.class.php 第 335 行.
NOTIC: [8] Undefined variable: pFirst /data/wwwroot/xiefu/simplewind/Lib/Util/Page.class.php 第 335 行.
NOTIC: [8] Undefined variable: pPrev /data/wwwroot/xiefu/simplewind/Lib/Util/Page.class.php 第 335 行.
SQL: SELECT * FROM ts_report_goods as a WHERE `status` = 1 AND `is_delete` = 0 ORDER BY creat_time desc LIMIT 0,8   [ RunTime:0.0001s ]
SQL: SHOW COLUMNS FROM `ts_report_have` [ RunTime:0.0003s ]
SQL: SELECT * FROM `ts_report_have`  [ RunTime:0.0001s ]
NOTIC: [8] Undefined offset: 8 /data/wwwroot/xiefu/application/Portal/Controller/PageController.class.php 第 39 行.
NOTIC: [8] Undefined offset: 9 /data/wwwroot/xiefu/application/Portal/Controller/PageController.class.php 第 39 行.
NOTIC: [8] Undefined offset: 8 /data/wwwroot/xiefu/application/Portal/Controller/PageController.class.php 第 39 行.
NOTIC: [8] Undefined offset: 9 /data/wwwroot/xiefu/application/Portal/Controller/PageController.class.php 第 39 行.
NOTIC: [8] Undefined offset: 8 /data/wwwroot/xiefu/application/Portal/Controller/PageController.class.php 第 39 行.
NOTIC: [8] Undefined offset: 9 /data/wwwroot/xiefu/application/Portal/Controller/PageController.class.php 第 39 行.
NOTIC: [8] Undefined offset: 8 /data/wwwroot/xiefu/application/Portal/Controller/PageController.class.php 第 39 行.
NOTIC: [8] Undefined offset: 9 /data/wwwroot/xiefu/application/Portal/Controller/PageController.class.php 第 39 行.
NOTIC: [8] Undefined offset: 8 /data/wwwroot/xiefu/application/Portal/Controller/PageController.class.php 第 39 行.
NOTIC: [8] Undefined offset: 9 /data/wwwroot/xiefu/application/Portal/Controller/PageController.class.php 第 39 行.
NOTIC: [8] Undefined offset: 8 /data/wwwroot/xiefu/application/Portal/Controller/PageController.class.php 第 39 行.
NOTIC: [8] Undefined offset: 9 /data/wwwroot/xiefu/application/Portal/Controller/PageController.class.php 第 39 行.
NOTIC: [8] Undefined offset: 8 /data/wwwroot/xiefu/application/Portal/Controller/PageController.class.php 第 39 行.
NOTIC: [8] Undefined offset: 9 /data/wwwroot/xiefu/application/Portal/Controller/PageController.class.php 第 39 行.
NOTIC: [8] Undefined offset: 8 /data/wwwroot/xiefu/application/Portal/Controller/PageController.class.php 第 39 行.
NOTIC: [8] Undefined offset: 9 /data/wwwroot/xiefu/application/Portal/Controller/PageController.class.php 第 39 行.
NOTIC: [8] Undefined offset: 8 /data/wwwroot/xiefu/application/Portal/Controller/PageController.class.php 第 39 行.
NOTIC: [8] Undefined offset: 9 /data/wwwroot/xiefu/application/Portal/Controller/PageController.class.php 第 39 行.
NOTIC: [8] Undefined offset: 8 /data/wwwroot/xiefu/application/Portal/Controller/PageController.class.php 第 39 行.
NOTIC: [8] Undefined offset: 9 /data/wwwroot/xiefu/application/Portal/Controller/PageController.class.php 第 39 行.
NOTIC: [8] Undefined offset: 8 /data/wwwroot/xiefu/application/Portal/Controller/PageController.class.php 第 39 行.
NOTIC: [8] Undefined offset: 9 /data/wwwroot/xiefu/application/Portal/Controller/PageController.class.php 第 39 行.
NOTIC: [8] Undefined offset: 8 /data/wwwroot/xiefu/application/Portal/Controller/PageController.class.php 第 39 行.
NOTIC: [8] Undefined offset: 9 /data/wwwroot/xiefu/application/Portal/Controller/PageController.class.php 第 39 行.
NOTIC: [8] Undefined offset: 8 /data/wwwroot/xiefu/application/Portal/Controller/PageController.class.php 第 39 行.
NOTIC: [8] Undefined offset: 9 /data/wwwroot/xiefu/application/Portal/Controller/PageController.class.php 第 39 行.
NOTIC: [8] Undefined offset: 8 /data/wwwroot/xiefu/application/Portal/Controller/PageController.class.php 第 39 行.
NOTIC: [8] Undefined offset: 9 /data/wwwroot/xiefu/application/Portal/Controller/PageController.class.php 第 39 行.
NOTIC: [8] Undefined offset: 8 /data/wwwroot/xiefu/application/Portal/Controller/PageController.class.php 第 39 行.
NOTIC: [8] Undefined offset: 9 /data/wwwroot/xiefu/application/Portal/Controller/PageController.class.php 第 39 行.
NOTIC: [8] Undefined offset: 8 /data/wwwroot/xiefu/application/Portal/Controller/PageController.class.php 第 39 行.
NOTIC: [8] Undefined offset: 9 /data/wwwroot/xiefu/application/Portal/Controller/PageController.class.php 第 39 行.
NOTIC: [8] Undefined offset: 8 /data/wwwroot/xiefu/application/Portal/Controller/PageController.class.php 第 39 行.
NOTIC: [8] Undefined offset: 9 /data/wwwroot/xiefu/application/Portal/Controller/PageController.class.php 第 39 行.
NOTIC: [8] Undefined offset: 8 /data/wwwroot/xiefu/application/Portal/Controller/PageController.class.php 第 39 行.
NOTIC: [8] Undefined offset: 9 /data/wwwroot/xiefu/application/Portal/Controller/PageController.class.php 第 39 行.
INFO: [ view_parse ] --START--
INFO: [ template_filter ] --START--
INFO: Run Behavior\ContentReplaceBehavior [ RunTime:0.000065s ]
INFO: [ template_filter ] --END-- [ RunTime:0.000094s ]
INFO: Run Behavior\ParseTemplateBehavior [ RunTime:0.005162s ]
INFO: [ view_parse ] --END-- [ RunTime:0.005192s ]
INFO: [ view_filter ] --START--
INFO: Run Behavior\WriteHtmlCacheBehavior [ RunTime:0.000029s ]
INFO: Run Common\Behavior\TmplStripSpaceBehavior [ RunTime:0.000151s ]
INFO: [ view_filter ] --END-- [ RunTime:0.000212s ]
INFO: [ app_end ] --START--
INFO: Run Behavior\ShowPageTraceBehavior [ RunTime:0.000027s ]
INFO: [ app_end ] --END-- [ RunTime:0.000048s ]

[ 2017-09-30T13:48:40+08:00 ] 58.22.113.9 /index.php?g=portal&m=page&a=newstyle
INFO: [ app_begin ] --START--
INFO: Run Behavior\ReadHtmlCacheBehavior [ RunTime:0.000026s ]
INFO: Run Behavior\CheckLangBehavior [ RunTime:0.000077s ]
INFO: [ app_begin ] --END-- [ RunTime:0.000151s ]
NOTIC: [8] Undefined index: brand /data/wwwroot/xiefu/application/Portal/Controller/PageController.class.php 第 53 行.
SQL: SHOW COLUMNS FROM `ts_newstyle` [ RunTime:0.0006s ]
SQL: SELECT COUNT(*) AS tp_count FROM `ts_newstyle` INNER JOIN ts_business on ts_business.user_id=ts_newstyle.user_id  WHERE `status` = 1 LIMIT 1   [ RunTime:0.0001s ]
NOTIC: [8] Undefined variable: pList /data/wwwroot/xiefu/simplewind/Lib/Util/Page.class.php 第 226 行.
NOTIC: [8] Undefined variable: pListStart /data/wwwroot/xiefu/simplewind/Lib/Util/Page.class.php 第 335 行.
NOTIC: [8] Undefined variable: pListEnd /data/wwwroot/xiefu/simplewind/Lib/Util/Page.class.php 第 335 行.
NOTIC: [8] Undefined variable: pFirst /data/wwwroot/xiefu/simplewind/Lib/Util/Page.class.php 第 335 行.
NOTIC: [8] Undefined variable: pPrev /data/wwwroot/xiefu/simplewind/Lib/Util/Page.class.php 第 335 行.
SQL: SELECT *,ts_newstyle.brand as brands FROM `ts_newstyle` INNER JOIN ts_business on ts_newstyle.user_id=ts_business.user_id  WHERE `status` = 1 LIMIT 0,8   [ RunTime:0.0002s ]
SQL: SELECT DISTINCT  `brand` FROM `ts_newstyle`  [ RunTime:0.0001s ]
INFO: [ view_parse ] --START--
INFO: [ template_filter ] --START--
INFO: Run Behavior\ContentReplaceBehavior [ RunTime:0.000059s ]
INFO: [ template_filter ] --END-- [ RunTime:0.000087s ]
INFO: Run Behavior\ParseTemplateBehavior [ RunTime:0.004813s ]
INFO: [ view_parse ] --END-- [ RunTime:0.004841s ]
INFO: [ view_filter ] --START--
INFO: Run Behavior\WriteHtmlCacheBehavior [ RunTime:0.000029s ]
INFO: Run Common\Behavior\TmplStripSpaceBehavior [ RunTime:0.000175s ]
INFO: [ view_filter ] --END-- [ RunTime:0.000233s ]
INFO: [ app_end ] --START--
INFO: Run Behavior\ShowPageTraceBehavior [ RunTime:0.000024s ]
INFO: [ app_end ] --END-- [ RunTime:0.000043s ]

[ 2017-09-30T13:48:42+08:00 ] 58.22.113.9 /index.php?g=&m=index&a=index
INFO: [ app_begin ] --START--
INFO: Run Behavior\ReadHtmlCacheBehavior [ RunTime:0.000025s ]
INFO: Run Behavior\CheckLangBehavior [ RunTime:0.000076s ]
INFO: [ app_begin ] --END-- [ RunTime:0.000146s ]
NOTIC: D方法实例化没找到模型类Common\Model\ProductModel
SQL: SHOW COLUMNS FROM `ts_product` [ RunTime:0.0006s ]
NOTIC: D方法实例化没找到模型类Common\Model\TermsModel
SQL: SHOW COLUMNS FROM `ts_terms` [ RunTime:0.0004s ]
NOTIC: D方法实例化没找到模型类Common\Model\TermRelationshipsModel
SQL: SHOW COLUMNS FROM `ts_term_relationships` [ RunTime:0.0003s ]
NOTIC: D方法实例化没找到模型类Common\Model\PostsModel
SQL: SHOW COLUMNS FROM `ts_posts` [ RunTime:0.0005s ]
SQL: SHOW COLUMNS FROM `ts_links` [ RunTime:0.0004s ]
SQL: SHOW COLUMNS FROM `ts_guestbook` [ RunTime:0.0003s ]
SQL: SHOW COLUMNS FROM `ts_category` [ RunTime:0.0004s ]
SQL: SELECT * FROM `ts_category` WHERE ( parentid=0 )  [ RunTime:0.0001s ]
SQL: SELECT `id`,`parentid`,`label` FROM `ts_category` WHERE ( parentid<>0 )  [ RunTime:0.0001s ]
SQL: SHOW COLUMNS FROM `ts_slide` [ RunTime:0.0003s ]
SQL: SELECT `slide_pic` FROM `ts_slide` WHERE ( slide_cid=1 )  [ RunTime:0.0001s ]
SQL: SHOW COLUMNS FROM `ts_business` [ RunTime:0.0004s ]
SQL: SELECT `category_id` FROM `ts_business`  [ RunTime:0.0001s ]
SQL: SHOW COLUMNS FROM `ts_brand` [ RunTime:0.0003s ]
SQL: SELECT * FROM `ts_brand` ORDER BY listorder  [ RunTime:0.0001s ]
SQL: SHOW COLUMNS FROM `ts_nav` [ RunTime:0.0003s ]
SQL: SELECT `label` FROM `ts_nav` WHERE ( parentid=0 and cid=1 ) ORDER BY id asc  [ RunTime:0.0001s ]
SQL: SHOW COLUMNS FROM `ts_index_logo` [ RunTime:0.0003s ]
SQL: SELECT * FROM `ts_index_logo` LIMIT 1   [ RunTime:0.0001s ]
INFO: [ view_parse ] --START--
INFO: [ template_filter ] --START--
INFO: Run Behavior\ContentReplaceBehavior [ RunTime:0.000060s ]
INFO: [ template_filter ] --END-- [ RunTime:0.000091s ]
INFO: Run Behavior\ParseTemplateBehavior [ RunTime:0.005035s ]
INFO: [ view_parse ] --END-- [ RunTime:0.005062s ]
INFO: [ view_filter ] --START--
INFO: Run Behavior\WriteHtmlCacheBehavior [ RunTime:0.000028s ]
INFO: Run Common\Behavior\TmplStripSpaceBehavior [ RunTime:0.000192s ]
INFO: [ view_filter ] --END-- [ RunTime:0.000257s ]
INFO: [ app_end ] --START--
INFO: Run Behavior\ShowPageTraceBehavior [ RunTime:0.000028s ]
INFO: [ app_end ] --END-- [ RunTime:0.000048s ]

[ 2017-09-30T13:48:42+08:00 ] 121.204.120.196 /index.php?g=portal&m=index&a=search&search=goods&keyword=
NOTIC: D方法实例化没找到模型类Common\Model\ProductModel
NOTIC: D方法实例化没找到模型类Common\Model\TermsModel
NOTIC: D方法实例化没找到模型类Common\Model\TermRelationshipsModel
NOTIC: D方法实例化没找到模型类Common\Model\PostsModel

[ 2017-09-30T13:51:46+08:00 ] 180.153.163.190 /index.php?g=portal&m=page&a=searchinfo
ERR: 模板不存在:themes/xiefu/Portal/searchinfo.html

[ 2017-09-30T14:01:39+08:00 ] 121.204.120.196 /index.php?g=portal&m=index&a=search&search=goods&keyword=
NOTIC: D方法实例化没找到模型类Common\Model\ProductModel
NOTIC: D方法实例化没找到模型类Common\Model\TermsModel
NOTIC: D方法实例化没找到模型类Common\Model\TermRelationshipsModel
NOTIC: D方法实例化没找到模型类Common\Model\PostsModel

[ 2017-09-30T14:01:54+08:00 ] 58.22.7.108 /index.php?g=&
NOTIC: D方法实例化没找到模型类Common\Model\ProductModel
NOTIC: D方法实例化没找到模型类Common\Model\TermsModel
NOTIC: D方法实例化没找到模型类Common\Model\TermRelationshipsModel
NOTIC: D方法实例化没找到模型类Common\Model\PostsModel

[ 2017-09-30T14:02:01+08:00 ] 58.22.7.108 /data/upload/business/1506593126blogo
ERR: 无法加载控制器:Data

[ 2017-09-30T14:02:01+08:00 ] 58.22.7.108 /data/upload/business/1506593126code
ERR: 无法加载控制器:Data

[ 2017-09-30T14:02:10+08:00 ] 140.207.185.112 /data/upload/business/1506593126blogo
ERR: 无法加载控制器:Data

[ 2017-09-30T14:02:39+08:00 ] 58.22.7.108 /
NOTIC: D方法实例化没找到模型类Common\Model\ProductModel
NOTIC: D方法实例化没找到模型类Common\Model\TermsModel
NOTIC: D方法实例化没找到模型类Common\Model\TermRelationshipsModel
NOTIC: D方法实例化没找到模型类Common\Model\PostsModel

[ 2017-09-30T14:02:42+08:00 ] 121.204.120.196 /index.php?g=portal&m=index&a=search&search=goods&keyword=
NOTIC: D方法实例化没找到模型类Common\Model\ProductModel
NOTIC: D方法实例化没找到模型类Common\Model\TermsModel
NOTIC: D方法实例化没找到模型类Common\Model\TermRelationshipsModel
NOTIC: D方法实例化没找到模型类Common\Model\PostsModel

[ 2017-09-30T14:03:12+08:00 ] 58.22.7.108 /
NOTIC: D方法实例化没找到模型类Common\Model\ProductModel
NOTIC: D方法实例化没找到模型类Common\Model\TermsModel
NOTIC: D方法实例化没找到模型类Common\Model\TermRelationshipsModel
NOTIC: D方法实例化没找到模型类Common\Model\PostsModel

[ 2017-09-30T14:03:19+08:00 ] 58.22.7.108 /
NOTIC: D方法实例化没找到模型类Common\Model\ProductModel
NOTIC: D方法实例化没找到模型类Common\Model\TermsModel
NOTIC: D方法实例化没找到模型类Common\Model\TermRelationshipsModel
NOTIC: D方法实例化没找到模型类Common\Model\PostsModel

[ 2017-09-30T14:03:29+08:00 ] 58.22.7.108 /data/upload/business/1506593126blogo
ERR: 无法加载控制器:Data

[ 2017-09-30T14:03:29+08:00 ] 58.22.7.108 /data/upload/business/1506593126code
ERR: 无法加载控制器:Data

[ 2017-09-30T14:03:31+08:00 ] 58.22.7.108 /data/upload/business/1506593126code
ERR: 无法加载控制器:Data

[ 2017-09-30T14:03:31+08:00 ] 58.22.7.108 /data/upload/business/1506593126blogo
ERR: 无法加载控制器:Data

[ 2017-09-30T14:03:33+08:00 ] 58.22.7.108 /data/upload/business/1506593126code
ERR: 无法加载控制器:Data

[ 2017-09-30T14:03:33+08:00 ] 58.22.7.108 /data/upload/business/1506593126blogo
ERR: 无法加载控制器:Data

[ 2017-09-30T14:03:35+08:00 ] 58.22.7.108 /index.php?g=&
NOTIC: D方法实例化没找到模型类Common\Model\ProductModel
NOTIC: D方法实例化没找到模型类Common\Model\TermsModel
NOTIC: D方法实例化没找到模型类Common\Model\TermRelationshipsModel
NOTIC: D方法实例化没找到模型类Common\Model\PostsModel

[ 2017-09-30T14:04:09+08:00 ] 121.204.120.196 /index.php?g=&m=index&a=index
NOTIC: D方法实例化没找到模型类Common\Model\ProductModel
NOTIC: D方法实例化没找到模型类Common\Model\TermsModel
NOTIC: D方法实例化没找到模型类Common\Model\TermRelationshipsModel
NOTIC: D方法实例化没找到模型类Common\Model\PostsModel

[ 2017-09-30T14:04:34+08:00 ] 121.204.120.196 /index.php?g=&
NOTIC: D方法实例化没找到模型类Common\Model\ProductModel
NOTIC: D方法实例化没找到模型类Common\Model\TermsModel
NOTIC: D方法实例化没找到模型类Common\Model\TermRelationshipsModel
NOTIC: D方法实例化没找到模型类Common\Model\PostsModel

[ 2017-09-30T14:04:38+08:00 ] 121.204.120.196 /index.php?g=&
NOTIC: D方法实例化没找到模型类Common\Model\ProductModel
NOTIC: D方法实例化没找到模型类Common\Model\TermsModel
NOTIC: D方法实例化没找到模型类Common\Model\TermRelationshipsModel
NOTIC: D方法实例化没找到模型类Common\Model\PostsModel

[ 2017-09-30T14:04:46+08:00 ] 121.204.120.196 /
NOTIC: D方法实例化没找到模型类Common\Model\ProductModel
NOTIC: D方法实例化没找到模型类Common\Model\TermsModel
NOTIC: D方法实例化没找到模型类Common\Model\TermRelationshipsModel
NOTIC: D方法实例化没找到模型类Common\Model\PostsModel

[ 2017-09-30T14:04:52+08:00 ] 121.204.120.196 /index.php?g=portal&m=index&a=catesearch&first=%E8%80%90%E5%85%8B&second=AIR&keyword=160
NOTIC: D方法实例化没找到模型类Common\Model\ProductModel
NOTIC: D方法实例化没找到模型类Common\Model\TermsModel
NOTIC: D方法实例化没找到模型类Common\Model\TermRelationshipsModel
NOTIC: D方法实例化没找到模型类Common\Model\PostsModel

[ 2017-09-30T14:04:56+08:00 ] 121.204.120.196 /index.php?g=&
NOTIC: D方法实例化没找到模型类Common\Model\ProductModel
NOTIC: D方法实例化没找到模型类Common\Model\TermsModel
NOTIC: D方法实例化没找到模型类Common\Model\TermRelationshipsModel
NOTIC: D方法实例化没找到模型类Common\Model\PostsModel

[ 2017-09-30T14:04:56+08:00 ] 121.204.120.196 /index.php?g=portal&m=index&a=catesearch&first=%E8%80%90%E5%85%8B&second=AIR&keyword=160
NOTIC: D方法实例化没找到模型类Common\Model\ProductModel
NOTIC: D方法实例化没找到模型类Common\Model\TermsModel
NOTIC: D方法实例化没找到模型类Common\Model\TermRelationshipsModel
NOTIC: D方法实例化没找到模型类Common\Model\PostsModel

[ 2017-09-30T14:05:01+08:00 ] 121.204.120.196 /index.php?g=&m=index&a=index
NOTIC: D方法实例化没找到模型类Common\Model\ProductModel
NOTIC: D方法实例化没找到模型类Common\Model\TermsModel
NOTIC: D方法实例化没找到模型类Common\Model\TermRelationshipsModel
NOTIC: D方法实例化没找到模型类Common\Model\PostsModel

[ 2017-09-30T14:05:04+08:00 ] 121.204.120.196 /index.php?g=portal&m=index&a=catesearch&first=%E9%98%BF%E8%BF%AA%E8%BE%BE%E6%96%AF&second=%E7%90%83%E7%B1%BB&keyword=166
NOTIC: D方法实例化没找到模型类Common\Model\ProductModel
NOTIC: D方法实例化没找到模型类Common\Model\TermsModel
NOTIC: D方法实例化没找到模型类Common\Model\TermRelationshipsModel
NOTIC: D方法实例化没找到模型类Common\Model\PostsModel

[ 2017-09-30T14:05:05+08:00 ] 121.204.120.196 /index.php?g=&
NOTIC: D方法实例化没找到模型类Common\Model\ProductModel
NOTIC: D方法实例化没找到模型类Common\Model\TermsModel
NOTIC: D方法实例化没找到模型类Common\Model\TermRelationshipsModel
NOTIC: D方法实例化没找到模型类Common\Model\PostsModel

[ 2017-09-30T14:05:22+08:00 ] 58.22.7.108 /data/upload/business/1506593126code
ERR: 无法加载控制器:Data

[ 2017-09-30T14:05:27+08:00 ] 58.22.7.108 /data/upload/business/1506593126code
ERR: 无法加载控制器:Data

[ 2017-09-30T14:05:31+08:00 ] 121.204.120.196 /index.php?g=portal&m=page&a=countsee
INFO: [ app_begin ] --START--
INFO: Run Behavior\ReadHtmlCacheBehavior [ RunTime:0.000024s ]
INFO: Run Behavior\CheckLangBehavior [ RunTime:0.000079s ]
INFO: [ app_begin ] --END-- [ RunTime:0.000153s ]
INFO: [ app_end ] --START--
INFO: Run Behavior\ShowPageTraceBehavior [ RunTime:0.000027s ]
INFO: [ app_end ] --END-- [ RunTime:0.000068s ]

[ 2017-09-30T14:05:33+08:00 ] 58.22.7.108 /data/upload/business/1506593126code
ERR: 无法加载控制器:Data

[ 2017-09-30T14:05:35+08:00 ] 121.204.120.196 /data/upload/business/1506593126blogo
ERR: 无法加载控制器:Data

[ 2017-09-30T14:05:35+08:00 ] 121.204.120.196 /data/upload/business/1506593126code
ERR: 无法加载控制器:Data

[ 2017-09-30T14:05:36+08:00 ] 121.204.120.196 /index.php?g=portal&m=index&a=search&search=goods&keyword=11
NOTIC: D方法实例化没找到模型类Common\Model\ProductModel
NOTIC: D方法实例化没找到模型类Common\Model\TermsModel
NOTIC: D方法实例化没找到模型类Common\Model\TermRelationshipsModel
NOTIC: D方法实例化没找到模型类Common\Model\PostsModel

[ 2017-09-30T14:05:37+08:00 ] 121.204.120.196 /index.php?g=portal&m=index&a=search&search=goods&keyword=%E6%A4%B0%E5%AD%90
NOTIC: D方法实例化没找到模型类Common\Model\ProductModel
NOTIC: D方法实例化没找到模型类Common\Model\TermsModel
NOTIC: D方法实例化没找到模型类Common\Model\TermRelationshipsModel
NOTIC: D方法实例化没找到模型类Common\Model\PostsModel

[ 2017-09-30T14:05:38+08:00 ] 121.204.120.196 /index.php?g=portal&m=index&a=search&search=goods&keyword=%E8%80%90%E5%85%8B
NOTIC: D方法实例化没找到模型类Common\Model\ProductModel
NOTIC: D方法实例化没找到模型类Common\Model\TermsModel
NOTIC: D方法实例化没找到模型类Common\Model\TermRelationshipsModel
NOTIC: D方法实例化没找到模型类Common\Model\PostsModel

[ 2017-09-30T14:05:38+08:00 ] 58.22.7.108 /data/upload/business/1506593126code
ERR: 无法加载控制器:Data

[ 2017-09-30T14:05:41+08:00 ] 121.204.120.196 /index.php?g=portal&m=page&a=countsee
INFO: [ app_begin ] --START--
INFO: Run Behavior\ReadHtmlCacheBehavior [ RunTime:0.000024s ]
INFO: Run Behavior\CheckLangBehavior [ RunTime:0.000090s ]
INFO: [ app_begin ] --END-- [ RunTime:0.000162s ]
INFO: [ app_end ] --START--
INFO: Run Behavior\ShowPageTraceBehavior [ RunTime:0.000023s ]
INFO: [ app_end ] --END-- [ RunTime:0.000047s ]

[ 2017-09-30T14:05:46+08:00 ] 121.204.120.196 /index.php?g=&m=index&a=index
NOTIC: D方法实例化没找到模型类Common\Model\ProductModel
NOTIC: D方法实例化没找到模型类Common\Model\TermsModel
NOTIC: D方法实例化没找到模型类Common\Model\TermRelationshipsModel
NOTIC: D方法实例化没找到模型类Common\Model\PostsModel

[ 2017-09-30T14:05:47+08:00 ] 121.204.120.196 /data/upload/business/1506593126blogo
ERR: 无法加载控制器:Data

[ 2017-09-30T14:05:47+08:00 ] 121.204.120.196 /data/upload/business/1506593126code
ERR: 无法加载控制器:Data

[ 2017-09-30T14:05:59+08:00 ] 121.204.120.196 /data/upload/business/1506593126code
ERR: 无法加载控制器:Data

[ 2017-09-30T14:06:02+08:00 ] 121.204.120.196 /data/upload/business/1506593126blogo
ERR: 无法加载控制器:Data

[ 2017-09-30T14:06:02+08:00 ] 121.204.120.196 /data/upload/business/1506593126code
ERR: 无法加载控制器:Data

[ 2017-09-30T14:06:12+08:00 ] 121.204.120.196 /index.php?g=&m=index&a=index
NOTIC: D方法实例化没找到模型类Common\Model\ProductModel
NOTIC: D方法实例化没找到模型类Common\Model\TermsModel
NOTIC: D方法实例化没找到模型类Common\Model\TermRelationshipsModel
NOTIC: D方法实例化没找到模型类Common\Model\PostsModel

[ 2017-09-30T14:06:14+08:00 ] 121.204.120.196 /index.php?g=portal&m=index&a=catesearch&first=%E5%8A%B3%E5%8A%9B%E5%A3%AB&keyword=149
NOTIC: D方法实例化没找到模型类Common\Model\ProductModel
NOTIC: D方法实例化没找到模型类Common\Model\TermsModel
NOTIC: D方法实例化没找到模型类Common\Model\TermRelationshipsModel
NOTIC: D方法实例化没找到模型类Common\Model\PostsModel

[ 2017-09-30T14:06:14+08:00 ] 121.204.120.196 /data/upload/business/1506593126blogo
ERR: 无法加载控制器:Data

[ 2017-09-30T14:06:22+08:00 ] 121.204.120.196 /data/upload/business/1506593126blogo
ERR: 无法加载控制器:Data

[ 2017-09-30T14:06:22+08:00 ] 121.204.120.196 /data/upload/business/1506593126code
ERR: 无法加载控制器:Data

[ 2017-09-30T14:06:24+08:00 ] 121.204.120.196 /index.php?g=&m=index&a=index
NOTIC: D方法实例化没找到模型类Common\Model\ProductModel
NOTIC: D方法实例化没找到模型类Common\Model\TermsModel
NOTIC: D方法实例化没找到模型类Common\Model\TermRelationshipsModel
NOTIC: D方法实例化没找到模型类Common\Model\PostsModel

[ 2017-09-30T14:06:26+08:00 ] 121.204.120.196 /index.php?g=&m=index&a=index
NOTIC: D方法实例化没找到模型类Common\Model\ProductModel
NOTIC: D方法实例化没找到模型类Common\Model\TermsModel
NOTIC: D方法实例化没找到模型类Common\Model\TermRelationshipsModel
NOTIC: D方法实例化没找到模型类Common\Model\PostsModel

[ 2017-09-30T14:06:27+08:00 ] 121.204.120.196 /data/upload/business/1506593126blogo
ERR: 无法加载控制器:Data

[ 2017-09-30T14:06:27+08:00 ] 121.204.120.196 /data/upload/business/1506593126code
ERR: 无法加载控制器:Data

[ 2017-09-30T14:06:33+08:00 ] 121.204.120.196 /index.php?g=portal&m=index&a=index
NOTIC: D方法实例化没找到模型类Common\Model\ProductModel
NOTIC: D方法实例化没找到模型类Common\Model\TermsModel
NOTIC: D方法实例化没找到模型类Common\Model\TermRelationshipsModel
NOTIC: D方法实例化没找到模型类Common\Model\PostsModel

[ 2017-09-30T14:06:45+08:00 ] 121.204.120.196 /index.php?m=list&a=index&id=27
NOTIC: D方法实例化没找到模型类Common\Model\ProductModel
NOTIC: D方法实例化没找到模型类Common\Model\TermsModel
NOTIC: D方法实例化没找到模型类Common\Model\TermRelationshipsModel
NOTIC: D方法实例化没找到模型类Common\Model\PostsModel
ERR: 模板不存在:themes/xiefu/Portal/404.html

[ 2017-09-30T14:06:51+08:00 ] 121.204.120.196 /index.php?g=&
NOTIC: D方法实例化没找到模型类Common\Model\ProductModel
NOTIC: D方法实例化没找到模型类Common\Model\TermsModel
NOTIC: D方法实例化没找到模型类Common\Model\TermRelationshipsModel
NOTIC: D方法实例化没找到模型类Common\Model\PostsModel

[ 2017-09-30T14:06:55+08:00 ] 121.204.120.196 /index.php?g=&
NOTIC: D方法实例化没找到模型类Common\Model\ProductModel
NOTIC: D方法实例化没找到模型类Common\Model\TermsModel
NOTIC: D方法实例化没找到模型类Common\Model\TermRelationshipsModel
NOTIC: D方法实例化没找到模型类Common\Model\PostsModel

[ 2017-09-30T14:07:20+08:00 ] 121.204.120.196 /index.php?g=portal&m=index&a=index
NOTIC: D方法实例化没找到模型类Common\Model\ProductModel
NOTIC: D方法实例化没找到模型类Common\Model\TermsModel
NOTIC: D方法实例化没找到模型类Common\Model\TermRelationshipsModel
NOTIC: D方法实例化没找到模型类Common\Model\PostsModel

[ 2017-09-30T14:07:27+08:00 ] 121.204.120.196 /index.php?g=&m=index&a=index
NOTIC: D方法实例化没找到模型类Common\Model\ProductModel
NOTIC: D方法实例化没找到模型类Common\Model\TermsModel
NOTIC: D方法实例化没找到模型类Common\Model\TermRelationshipsModel
NOTIC: D方法实例化没找到模型类Common\Model\PostsModel

[ 2017-09-30T14:07:28+08:00 ] 121.204.120.196 /index.php?g=portal&m=index&a=catesearch&first=%E8%80%90%E5%85%8B&keyword=148
NOTIC: D方法实例化没找到模型类Common\Model\ProductModel
NOTIC: D方法实例化没找到模型类Common\Model\TermsModel
NOTIC: D方法实例化没找到模型类Common\Model\TermRelationshipsModel
NOTIC: D方法实例化没找到模型类Common\Model\PostsModel

[ 2017-09-30T14:07:32+08:00 ] 121.204.120.196 /index.php?g=&m=index&a=index
NOTIC: D方法实例化没找到模型类Common\Model\ProductModel
NOTIC: D方法实例化没找到模型类Common\Model\TermsModel
NOTIC: D方法实例化没找到模型类Common\Model\TermRelationshipsModel
NOTIC: D方法实例化没找到模型类Common\Model\PostsModel

[ 2017-09-30T14:07:34+08:00 ] 121.204.120.196 /index.php?g=portal&m=index&a=catesearch&first=%E8%80%90%E5%85%8B&second=%E4%B8%8A%E8%A1%A3&keyword=151
NOTIC: D方法实例化没找到模型类Common\Model\ProductModel
NOTIC: D方法实例化没找到模型类Common\Model\TermsModel
NOTIC: D方法实例化没找到模型类Common\Model\TermRelationshipsModel
NOTIC: D方法实例化没找到模型类Common\Model\PostsModel

[ 2017-09-30T14:07:38+08:00 ] 121.204.120.196 /index.php?g=&m=index&a=index
NOTIC: D方法实例化没找到模型类Common\Model\ProductModel
NOTIC: D方法实例化没找到模型类Common\Model\TermsModel
NOTIC: D方法实例化没找到模型类Common\Model\TermRelationshipsModel
NOTIC: D方法实例化没找到模型类Common\Model\PostsModel

[ 2017-09-30T14:07:42+08:00 ] 121.204.120.196 /index.php?g=portal&m=index&a=catesearch&first=%E5%8C%A1%E5%A8%81&second=%E9%9E%8B%E5%AD%90&third=%E5%B8%86%E5%B8%83%E9%9E%8B&keyword=164
NOTIC: D方法实例化没找到模型类Common\Model\ProductModel
NOTIC: D方法实例化没找到模型类Common\Model\TermsModel
NOTIC: D方法实例化没找到模型类Common\Model\TermRelationshipsModel
NOTIC: D方法实例化没找到模型类Common\Model\PostsModel

[ 2017-09-30T14:07:42+08:00 ] 121.204.120.196 /data/upload/business/1506593126blogo
ERR: 无法加载控制器:Data

[ 2017-09-30T14:07:47+08:00 ] 121.204.120.196 /index.php?g=&m=index&a=index
NOTIC: D方法实例化没找到模型类Common\Model\ProductModel
NOTIC: D方法实例化没找到模型类Common\Model\TermsModel
NOTIC: D方法实例化没找到模型类Common\Model\TermRelationshipsModel
NOTIC: D方法实例化没找到模型类Common\Model\PostsModel

[ 2017-09-30T14:07:50+08:00 ] 121.204.120.196 /data/upload/business/1506593126blogo
ERR: 无法加载控制器:Data

[ 2017-09-30T14:07:50+08:00 ] 121.204.120.196 /data/upload/business/1506593126code
ERR: 无法加载控制器:Data

[ 2017-09-30T14:08:00+08:00 ] 121.204.120.196 /index.php?g=&m=index&a=index
NOTIC: D方法实例化没找到模型类Common\Model\ProductModel
NOTIC: D方法实例化没找到模型类Common\Model\TermsModel
NOTIC: D方法实例化没找到模型类Common\Model\TermRelationshipsModel
NOTIC: D方法实例化没找到模型类Common\Model\PostsModel

[ 2017-09-30T14:08:01+08:00 ] 121.204.120.196 /index.php?g=portal&m=index&a=catesearch&first=%E8%80%90%E5%85%8B&keyword=148
NOTIC: D方法实例化没找到模型类Common\Model\ProductModel
NOTIC: D方法实例化没找到模型类Common\Model\TermsModel
NOTIC: D方法实例化没找到模型类Common\Model\TermRelationshipsModel
NOTIC: D方法实例化没找到模型类Common\Model\PostsModel

[ 2017-09-30T14:08:10+08:00 ] 121.204.120.196 /index.php?g=&m=index&a=index
NOTIC: D方法实例化没找到模型类Common\Model\ProductModel
NOTIC: D方法实例化没找到模型类Common\Model\TermsModel
NOTIC: D方法实例化没找到模型类Common\Model\TermRelationshipsModel
NOTIC: D方法实例化没找到模型类Common\Model\PostsModel

[ 2017-09-30T14:08:12+08:00 ] 121.204.120.196 /index.php?g=portal&m=index&a=catesearch&first=%E9%98%BF%E8%BF%AA%E8%BE%BE%E6%96%AF&keyword=149
NOTIC: D方法实例化没找到模型类Common\Model\ProductModel
NOTIC: D方法实例化没找到模型类Common\Model\TermsModel
NOTIC: D方法实例化没找到模型类Common\Model\TermRelationshipsModel
NOTIC: D方法实例化没找到模型类Common\Model\PostsModel

[ 2017-09-30T14:08:12+08:00 ] 121.204.120.196 /data/upload/business/1506593126blogo
ERR: 无法加载控制器:Data

[ 2017-09-30T14:08:23+08:00 ] 121.204.120.196 /data/upload/business/1506593126blogo
ERR: 无法加载控制器:Data

[ 2017-09-30T14:08:27+08:00 ] 121.204.120.196 /data/upload/business/1506593126code
ERR: 无法加载控制器:Data

[ 2017-09-30T14:08:55+08:00 ] 121.204.120.196 /index.php?g=portal&m=index&a=index
NOTIC: D方法实例化没找到模型类Common\Model\ProductModel
NOTIC: D方法实例化没找到模型类Common\Model\TermsModel
NOTIC: D方法实例化没找到模型类Common\Model\TermRelationshipsModel
NOTIC: D方法实例化没找到模型类Common\Model\PostsModel

[ 2017-09-30T14:09:00+08:00 ] 121.204.120.196 /data/upload/business/1506593126code
ERR: 无法加载控制器:Data

[ 2017-09-30T14:09:50+08:00 ] 121.204.120.196 /index.php?g=portal&m=index&a=index
NOTIC: D方法实例化没找到模型类Common\Model\ProductModel
NOTIC: D方法实例化没找到模型类Common\Model\TermsModel
NOTIC: D方法实例化没找到模型类Common\Model\TermRelationshipsModel
NOTIC: D方法实例化没找到模型类Common\Model\PostsModel

[ 2017-09-30T14:09:51+08:00 ] 121.204.120.196 /index.php?g=portal&m=index&a=index
NOTIC: D方法实例化没找到模型类Common\Model\ProductModel
NOTIC: D方法实例化没找到模型类Common\Model\TermsModel
NOTIC: D方法实例化没找到模型类Common\Model\TermRelationshipsModel
NOTIC: D方法实例化没找到模型类Common\Model\PostsModel

[ 2017-09-30T14:11:55+08:00 ] 121.204.120.196 /index.php?g=&m=index&a=index
NOTIC: D方法实例化没找到模型类Common\Model\ProductModel
NOTIC: D方法实例化没找到模型类Common\Model\TermsModel
NOTIC: D方法实例化没找到模型类Common\Model\TermRelationshipsModel
NOTIC: D方法实例化没找到模型类Common\Model\PostsModel

[ 2017-09-30T14:12:01+08:00 ] 121.204.120.196 /data/upload/business/1506593126code
ERR: 无法加载控制器:Data

[ 2017-09-30T14:12:01+08:00 ] 121.204.120.196 /data/upload/business/1506593126blogo
ERR: 无法加载控制器:Data

[ 2017-09-30T14:12:02+08:00 ] 121.204.120.196 /index.php?g=&m=index&a=index
NOTIC: D方法实例化没找到模型类Common\Model\ProductModel
NOTIC: D方法实例化没找到模型类Common\Model\TermsModel
NOTIC: D方法实例化没找到模型类Common\Model\TermRelationshipsModel
NOTIC: D方法实例化没找到模型类Common\Model\PostsModel

[ 2017-09-30T14:12:04+08:00 ] 121.204.120.196 /index.php?g=portal&m=index&a=catesearch&first=%E5%8C%A1%E5%A8%81&second=%E9%9E%8B%E5%AD%90&third=%E5%B8%86%E5%B8%83%E9%9E%8B&keyword=164
NOTIC: D方法实例化没找到模型类Common\Model\ProductModel
NOTIC: D方法实例化没找到模型类Common\Model\TermsModel
NOTIC: D方法实例化没找到模型类Common\Model\TermRelationshipsModel
NOTIC: D方法实例化没找到模型类Common\Model\PostsModel

[ 2017-09-30T14:12:04+08:00 ] 121.204.120.196 /data/upload/business/1506593126blogo
ERR: 无法加载控制器:Data

[ 2017-09-30T14:13:24+08:00 ] 121.204.120.196 /index.php?g=&m=index&a=index
NOTIC: D方法实例化没找到模型类Common\Model\ProductModel
NOTIC: D方法实例化没找到模型类Common\Model\TermsModel
NOTIC: D方法实例化没找到模型类Common\Model\TermRelationshipsModel
NOTIC: D方法实例化没找到模型类Common\Model\PostsModel

[ 2017-09-30T14:13:32+08:00 ] 121.204.120.196 /data/upload/business/1506593126code
ERR: 无法加载控制器:Data

[ 2017-09-30T14:13:32+08:00 ] 121.204.120.196 /data/upload/business/1506593126blogo
ERR: 无法加载控制器:Data

[ 2017-09-30T14:14:47+08:00 ] 121.204.120.196 /index.php?g=portal&m=page&a=countsee
INFO: [ app_begin ] --START--
INFO: Run Behavior\ReadHtmlCacheBehavior [ RunTime:0.000024s ]
INFO: Run Behavior\CheckLangBehavior [ RunTime:0.000076s ]
INFO: [ app_begin ] --END-- [ RunTime:0.000148s ]
INFO: [ app_end ] --START--
INFO: Run Behavior\ShowPageTraceBehavior [ RunTime:0.000024s ]
INFO: [ app_end ] --END-- [ RunTime:0.000046s ]

[ 2017-09-30T14:17:03+08:00 ] 121.204.120.196 /index.php?g=&m=index&a=index
NOTIC: D方法实例化没找到模型类Common\Model\ProductModel
NOTIC: D方法实例化没找到模型类Common\Model\TermsModel
NOTIC: D方法实例化没找到模型类Common\Model\TermRelationshipsModel
NOTIC: D方法实例化没找到模型类Common\Model\PostsModel

[ 2017-09-30T14:17:04+08:00 ] 121.204.120.196 /index.php?g=portal&m=index&a=catesearch&first=%E8%80%90%E5%85%8B&keyword=148
NOTIC: D方法实例化没找到模型类Common\Model\ProductModel
NOTIC: D方法实例化没找到模型类Common\Model\TermsModel
NOTIC: D方法实例化没找到模型类Common\Model\TermRelationshipsModel
NOTIC: D方法实例化没找到模型类Common\Model\PostsModel

[ 2017-09-30T14:17:14+08:00 ] 121.204.120.196 /index.php?g=portal&m=index&a=catesearch&first=%E8%80%90%E5%85%8B&second=%E4%B8%8A%E8%A1%A3&third=%E6%AF%9B%E8%A1%A3&keyword=154
NOTIC: D方法实例化没找到模型类Common\Model\ProductModel
NOTIC: D方法实例化没找到模型类Common\Model\TermsModel
NOTIC: D方法实例化没找到模型类Common\Model\TermRelationshipsModel
NOTIC: D方法实例化没找到模型类Common\Model\PostsModel

[ 2017-09-30T14:22:31+08:00 ] 58.22.7.108 /
NOTIC: D方法实例化没找到模型类Common\Model\ProductModel
NOTIC: D方法实例化没找到模型类Common\Model\TermsModel
NOTIC: D方法实例化没找到模型类Common\Model\TermRelationshipsModel
NOTIC: D方法实例化没找到模型类Common\Model\PostsModel

[ 2017-09-30T14:22:33+08:00 ] 58.22.7.108 /
NOTIC: D方法实例化没找到模型类Common\Model\ProductModel
NOTIC: D方法实例化没找到模型类Common\Model\TermsModel
NOTIC: D方法实例化没找到模型类Common\Model\TermRelationshipsModel
NOTIC: D方法实例化没找到模型类Common\Model\PostsModel

[ 2017-09-30T14:22:35+08:00 ] 58.22.7.108 /themes/xiefu/Public/css/bootstrap.css.map
ERR: 无法加载控制器:Themes

[ 2017-09-30T14:34:34+08:00 ] 121.204.120.196 /index.php?g=&m=index&a=index
NOTIC: D方法实例化没找到模型类Common\Model\ProductModel
NOTIC: D方法实例化没找到模型类Common\Model\TermsModel
NOTIC: D方法实例化没找到模型类Common\Model\TermRelationshipsModel
NOTIC: D方法实例化没找到模型类Common\Model\PostsModel

[ 2017-09-30T14:34:39+08:00 ] 121.204.120.196 /index.php?g=portal&m=index&a=catesearch&first=%E8%80%90%E5%85%8B&keyword=148
NOTIC: D方法实例化没找到模型类Common\Model\ProductModel
NOTIC: D方法实例化没找到模型类Common\Model\TermsModel
NOTIC: D方法实例化没找到模型类Common\Model\TermRelationshipsModel
NOTIC: D方法实例化没找到模型类Common\Model\PostsModel

[ 2017-09-30T14:46:28+08:00 ] 121.204.120.196 /index.php?g=&m=index&a=index
NOTIC: D方法实例化没找到模型类Common\Model\ProductModel
NOTIC: D方法实例化没找到模型类Common\Model\TermsModel
NOTIC: D方法实例化没找到模型类Common\Model\TermRelationshipsModel
NOTIC: D方法实例化没找到模型类Common\Model\PostsModel

[ 2017-09-30T14:46:29+08:00 ] 121.204.120.196 /index.php?g=portal&m=index&a=catesearch&first=%E9%98%BF%E8%BF%AA%E8%BE%BE%E6%96%AF&keyword=149
NOTIC: D方法实例化没找到模型类Common\Model\ProductModel
NOTIC: D方法实例化没找到模型类Common\Model\TermsModel
NOTIC: D方法实例化没找到模型类Common\Model\TermRelationshipsModel
NOTIC: D方法实例化没找到模型类Common\Model\PostsModel

[ 2017-09-30T14:46:29+08:00 ] 121.204.120.196 /data/upload/business/1506593126blogo
ERR: 无法加载控制器:Data

[ 2017-09-30T14:46:39+08:00 ] 121.204.120.196 /data/upload/business/1506593126blogo
ERR: 无法加载控制器:Data

[ 2017-09-30T14:46:39+08:00 ] 121.204.120.196 /data/upload/business/1506593126code
ERR: 无法加载控制器:Data

[ 2017-09-30T14:46:45+08:00 ] 121.204.120.196 /index.php?g=&m=index&a=index
NOTIC: D方法实例化没找到模型类Common\Model\ProductModel
NOTIC: D方法实例化没找到模型类Common\Model\TermsModel
NOTIC: D方法实例化没找到模型类Common\Model\TermRelationshipsModel
NOTIC: D方法实例化没找到模型类Common\Model\PostsModel

[ 2017-09-30T14:46:54+08:00 ] 58.22.7.108 /
NOTIC: D方法实例化没找到模型类Common\Model\ProductModel
NOTIC: D方法实例化没找到模型类Common\Model\TermsModel
NOTIC: D方法实例化没找到模型类Common\Model\TermRelationshipsModel
NOTIC: D方法实例化没找到模型类Common\Model\PostsModel

[ 2017-09-30T14:47:35+08:00 ] 121.204.120.196 /index.php?g=portal&m=index&a=catesearch&first=%E8%80%90%E5%85%8B&keyword=148
NOTIC: D方法实例化没找到模型类Common\Model\ProductModel
NOTIC: D方法实例化没找到模型类Common\Model\TermsModel
NOTIC: D方法实例化没找到模型类Common\Model\TermRelationshipsModel
NOTIC: D方法实例化没找到模型类Common\Model\PostsModel

[ 2017-09-30T14:47:37+08:00 ] 121.204.120.196 /index.php?g=portal&m=index&a=catesearch&first=%E9%98%BF%E8%BF%AA%E8%BE%BE%E6%96%AF&keyword=149
NOTIC: D方法实例化没找到模型类Common\Model\ProductModel
NOTIC: D方法实例化没找到模型类Common\Model\TermsModel
NOTIC: D方法实例化没找到模型类Common\Model\TermRelationshipsModel
NOTIC: D方法实例化没找到模型类Common\Model\PostsModel

[ 2017-09-30T14:47:37+08:00 ] 121.204.120.196 /data/upload/business/1506593126blogo
ERR: 无法加载控制器:Data

[ 2017-09-30T14:47:38+08:00 ] 121.204.120.196 /index.php?g=portal&m=index&a=catesearch&first=%E5%8C%A1%E5%A8%81&keyword=150
NOTIC: D方法实例化没找到模型类Common\Model\ProductModel
NOTIC: D方法实例化没找到模型类Common\Model\TermsModel
NOTIC: D方法实例化没找到模型类Common\Model\TermRelationshipsModel
NOTIC: D方法实例化没找到模型类Common\Model\PostsModel

[ 2017-09-30T14:47:38+08:00 ] 121.204.120.196 /data/upload/business/1506593126blogo
ERR: 无法加载控制器:Data

[ 2017-09-30T14:47:39+08:00 ] 121.204.120.196 /index.php?g=portal&m=index&a=catesearch&first=%E9%98%BF%E8%BF%AA%E8%BE%BE%E6%96%AF&keyword=149
NOTIC: D方法实例化没找到模型类Common\Model\ProductModel
NOTIC: D方法实例化没找到模型类Common\Model\TermsModel
NOTIC: D方法实例化没找到模型类Common\Model\TermRelationshipsModel
NOTIC: D方法实例化没找到模型类Common\Model\PostsModel

[ 2017-09-30T14:47:39+08:00 ] 121.204.120.196 /data/upload/business/1506593126blogo
ERR: 无法加载控制器:Data

[ 2017-09-30T14:47:42+08:00 ] 121.204.120.196 /data/upload/business/1506593126blogo
ERR: 无法加载控制器:Data

[ 2017-09-30T14:47:42+08:00 ] 121.204.120.196 /data/upload/business/1506593126code
ERR: 无法加载控制器:Data

[ 2017-09-30T14:48:10+08:00 ] 121.204.120.196 /index.php?g=&m=index&a=index
NOTIC: D方法实例化没找到模型类Common\Model\ProductModel
NOTIC: D方法实例化没找到模型类Common\Model\TermsModel
NOTIC: D方法实例化没找到模型类Common\Model\TermRelationshipsModel
NOTIC: D方法实例化没找到模型类Common\Model\PostsModel

[ 2017-09-30T14:48:12+08:00 ] 121.204.120.196 /index.php?g=portal&m=index&a=catesearch&first=%E8%80%90%E5%85%8B&keyword=148
NOTIC: D方法实例化没找到模型类Common\Model\ProductModel
NOTIC: D方法实例化没找到模型类Common\Model\TermsModel
NOTIC: D方法实例化没找到模型类Common\Model\TermRelationshipsModel
NOTIC: D方法实例化没找到模型类Common\Model\PostsModel

[ 2017-09-30T14:48:13+08:00 ] 121.204.120.196 /index.php?g=&m=index&a=index
NOTIC: D方法实例化没找到模型类Common\Model\ProductModel
NOTIC: D方法实例化没找到模型类Common\Model\TermsModel
NOTIC: D方法实例化没找到模型类Common\Model\TermRelationshipsModel
NOTIC: D方法实例化没找到模型类Common\Model\PostsModel

[ 2017-09-30T14:48:16+08:00 ] 121.204.120.196 /index.php?g=portal&m=index&a=catesearch&first=%E8%80%90%E5%85%8B&second=%E4%B8%8A%E8%A1%A3&keyword=151
NOTIC: D方法实例化没找到模型类Common\Model\ProductModel
NOTIC: D方法实例化没找到模型类Common\Model\TermsModel
NOTIC: D方法实例化没找到模型类Common\Model\TermRelationshipsModel
NOTIC: D方法实例化没找到模型类Common\Model\PostsModel

[ 2017-09-30T14:48:17+08:00 ] 121.204.120.196 /index.php?g=&m=index&a=index
NOTIC: D方法实例化没找到模型类Common\Model\ProductModel
NOTIC: D方法实例化没找到模型类Common\Model\TermsModel
NOTIC: D方法实例化没找到模型类Common\Model\TermRelationshipsModel
NOTIC: D方法实例化没找到模型类Common\Model\PostsModel

[ 2017-09-30T14:48:18+08:00 ] 121.204.120.196 /index.php?g=portal&m=index&a=catesearch&first=%E9%98%BF%E8%BF%AA%E8%BE%BE%E6%96%AF&keyword=149
NOTIC: D方法实例化没找到模型类Common\Model\ProductModel
NOTIC: D方法实例化没找到模型类Common\Model\TermsModel
NOTIC: D方法实例化没找到模型类Common\Model\TermRelationshipsModel
NOTIC: D方法实例化没找到模型类Common\Model\PostsModel

[ 2017-09-30T14:48:18+08:00 ] 121.204.120.196 /data/upload/business/1506593126blogo
ERR: 无法加载控制器:Data

[ 2017-09-30T14:49:42+08:00 ] 58.22.7.108 /data/upload/business/1506593126code
ERR: 无法加载控制器:Data

[ 2017-09-30T14:49:58+08:00 ] 58.22.7.108 /data/upload/business/1506593126code
ERR: 无法加载控制器:Data

[ 2017-09-30T14:50:03+08:00 ] 58.22.7.108 /data/upload/business/1506593126code
ERR: 无法加载控制器:Data

[ 2017-09-30T14:53:59+08:00 ] 121.204.120.196 /index.php?g=&m=index&a=index
NOTIC: D方法实例化没找到模型类Common\Model\ProductModel
NOTIC: D方法实例化没找到模型类Common\Model\TermsModel
NOTIC: D方法实例化没找到模型类Common\Model\TermRelationshipsModel
NOTIC: D方法实例化没找到模型类Common\Model\PostsModel

[ 2017-09-30T14:54:00+08:00 ] 121.204.120.196 /index.php?g=portal&m=index&a=catesearch&first=%E8%80%90%E5%85%8B&keyword=148
NOTIC: D方法实例化没找到模型类Common\Model\ProductModel
NOTIC: D方法实例化没找到模型类Common\Model\TermsModel
NOTIC: D方法实例化没找到模型类Common\Model\TermRelationshipsModel
NOTIC: D方法实例化没找到模型类Common\Model\PostsModel

[ 2017-09-30T14:54:02+08:00 ] 121.204.120.196 /index.php?g=&m=index&a=index
NOTIC: D方法实例化没找到模型类Common\Model\ProductModel
NOTIC: D方法实例化没找到模型类Common\Model\TermsModel
NOTIC: D方法实例化没找到模型类Common\Model\TermRelationshipsModel
NOTIC: D方法实例化没找到模型类Common\Model\PostsModel

[ 2017-09-30T14:54:04+08:00 ] 121.204.120.196 /index.php?g=portal&m=index&a=catesearch&first=%E9%98%BF%E8%BF%AA%E8%BE%BE%E6%96%AF&keyword=149
NOTIC: D方法实例化没找到模型类Common\Model\ProductModel
NOTIC: D方法实例化没找到模型类Common\Model\TermsModel
NOTIC: D方法实例化没找到模型类Common\Model\TermRelationshipsModel
NOTIC: D方法实例化没找到模型类Common\Model\PostsModel

[ 2017-09-30T14:54:04+08:00 ] 121.204.120.196 /data/upload/business/1506593126blogo
ERR: 无法加载控制器:Data

[ 2017-09-30T14:54:11+08:00 ] 121.204.120.196 /data/upload/business/1506593126blogo
ERR: 无法加载控制器:Data

[ 2017-09-30T15:10:35+08:00 ] 58.22.7.108 /data/upload/business/1506593126code
ERR: 无法加载控制器:Data

[ 2017-09-30T15:11:26+08:00 ] 58.22.7.108 /index.php?g=portal&m=index&a=index
NOTIC: D方法实例化没找到模型类Common\Model\ProductModel
NOTIC: D方法实例化没找到模型类Common\Model\TermsModel
NOTIC: D方法实例化没找到模型类Common\Model\TermRelationshipsModel
NOTIC: D方法实例化没找到模型类Common\Model\PostsModel

[ 2017-09-30T15:11:44+08:00 ] 58.22.7.108 /data/upload/business/1506593126blogo
ERR: 无法加载控制器:Data

[ 2017-09-30T15:11:44+08:00 ] 58.22.7.108 /data/upload/business/1506593126code
ERR: 无法加载控制器:Data

[ 2017-09-30T15:11:57+08:00 ] 121.204.120.196 /index.php?g=portal&m=index&a=index
NOTIC: D方法实例化没找到模型类Common\Model\ProductModel
NOTIC: D方法实例化没找到模型类Common\Model\TermsModel
NOTIC: D方法实例化没找到模型类Common\Model\TermRelationshipsModel
NOTIC: D方法实例化没找到模型类Common\Model\PostsModel

[ 2017-09-30T15:11:59+08:00 ] 121.204.120.196 /index.php?g=portal&m=index&a=catesearch&first=%E9%98%BF%E8%BF%AA%E8%BE%BE%E6%96%AF&keyword=149
NOTIC: D方法实例化没找到模型类Common\Model\ProductModel
NOTIC: D方法实例化没找到模型类Common\Model\TermsModel
NOTIC: D方法实例化没找到模型类Common\Model\TermRelationshipsModel
NOTIC: D方法实例化没找到模型类Common\Model\PostsModel

[ 2017-09-30T15:12:00+08:00 ] 121.204.120.196 /data/upload/business/1506593126blogo
ERR: 无法加载控制器:Data

[ 2017-09-30T15:12:03+08:00 ] 121.204.120.196 /data/upload/business/1506593126blogo
ERR: 无法加载控制器:Data

[ 2017-09-30T15:12:03+08:00 ] 121.204.120.196 /data/upload/business/1506593126code
ERR: 无法加载控制器:Data

[ 2017-09-30T15:12:04+08:00 ] 121.204.120.196 /data/upload/business/1506593126blogo
ERR: 无法加载控制器:Data

[ 2017-09-30T15:12:05+08:00 ] 58.22.7.108 /data/upload/business/1506593126code
ERR: 无法加载控制器:Data

[ 2017-09-30T15:12:06+08:00 ] 121.204.120.196 /index.php?g=portal&m=index&a=catesearch&first=%E4%B9%94%E4%B8%B9&keyword=170
NOTIC: D方法实例化没找到模型类Common\Model\ProductModel
NOTIC: D方法实例化没找到模型类Common\Model\TermsModel
NOTIC: D方法实例化没找到模型类Common\Model\TermRelationshipsModel
NOTIC: D方法实例化没找到模型类Common\Model\PostsModel

[ 2017-09-30T15:12:07+08:00 ] 121.204.120.196 /index.php?g=portal&m=index&a=catesearch&first=%E5%8C%A1%E5%A8%81&keyword=150
NOTIC: D方法实例化没找到模型类Common\Model\ProductModel
NOTIC: D方法实例化没找到模型类Common\Model\TermsModel
NOTIC: D方法实例化没找到模型类Common\Model\TermRelationshipsModel
NOTIC: D方法实例化没找到模型类Common\Model\PostsModel

[ 2017-09-30T15:12:07+08:00 ] 58.22.7.108 /data/upload/business/1506593126code
ERR: 无法加载控制器:Data

[ 2017-09-30T15:12:07+08:00 ] 121.204.120.196 /data/upload/business/1506593126blogo
ERR: 无法加载控制器:Data

[ 2017-09-30T15:12:08+08:00 ] 121.204.120.196 /index.php?g=portal&m=index&a=catesearch&first=%E8%80%90%E5%85%8B&keyword=148
NOTIC: D方法实例化没找到模型类Common\Model\ProductModel
NOTIC: D方法实例化没找到模型类Common\Model\TermsModel
NOTIC: D方法实例化没找到模型类Common\Model\TermRelationshipsModel
NOTIC: D方法实例化没找到模型类Common\Model\PostsModel

[ 2017-09-30T15:12:10+08:00 ] 121.204.120.196 /index.php?g=portal&m=index&a=catesearch&first=%E9%98%BF%E8%BF%AA%E8%BE%BE%E6%96%AF&keyword=149
NOTIC: D方法实例化没找到模型类Common\Model\ProductModel
NOTIC: D方法实例化没找到模型类Common\Model\TermsModel
NOTIC: D方法实例化没找到模型类Common\Model\TermRelationshipsModel
NOTIC: D方法实例化没找到模型类Common\Model\PostsModel

[ 2017-09-30T15:12:10+08:00 ] 121.204.120.196 /data/upload/business/1506593126blogo
ERR: 无法加载控制器:Data

[ 2017-09-30T15:12:12+08:00 ] 121.204.120.196 /index.php?g=portal&m=index&a=catesearch&first=&keyword=149
NOTIC: D方法实例化没找到模型类Common\Model\ProductModel
NOTIC: D方法实例化没找到模型类Common\Model\TermsModel
NOTIC: D方法实例化没找到模型类Common\Model\TermRelationshipsModel
NOTIC: D方法实例化没找到模型类Common\Model\PostsModel

[ 2017-09-30T15:12:12+08:00 ] 121.204.120.196 /data/upload/business/1506593126blogo
ERR: 无法加载控制器:Data

[ 2017-09-30T15:12:13+08:00 ] 121.204.120.196 /index.php?g=portal&m=index&a=catesearch&first=%E4%BD%A0%E5%A5%BD&keyword=148
NOTIC: D方法实例化没找到模型类Common\Model\ProductModel
NOTIC: D方法实例化没找到模型类Common\Model\TermsModel
NOTIC: D方法实例化没找到模型类Common\Model\TermRelationshipsModel
NOTIC: D方法实例化没找到模型类Common\Model\PostsModel

[ 2017-09-30T15:12:14+08:00 ] 121.204.120.196 /index.php?g=portal&m=index&a=catesearch&first=%E8%A5%BF%E7%93%9C&keyword=149
NOTIC: D方法实例化没找到模型类Common\Model\ProductModel
NOTIC: D方法实例化没找到模型类Common\Model\TermsModel
NOTIC: D方法实例化没找到模型类Common\Model\TermRelationshipsModel
NOTIC: D方法实例化没找到模型类Common\Model\PostsModel

[ 2017-09-30T15:12:15+08:00 ] 121.204.120.196 /data/upload/business/1506593126blogo
ERR: 无法加载控制器:Data

[ 2017-09-30T15:12:16+08:00 ] 121.204.120.196 /index.php?g=portal&m=index&a=catesearch&first=%E8%A5%BF%E7%93%9C&keyword=149
NOTIC: D方法实例化没找到模型类Common\Model\ProductModel
NOTIC: D方法实例化没找到模型类Common\Model\TermsModel
NOTIC: D方法实例化没找到模型类Common\Model\TermRelationshipsModel
NOTIC: D方法实例化没找到模型类Common\Model\PostsModel

[ 2017-09-30T15:12:16+08:00 ] 121.204.120.196 /data/upload/business/1506593126blogo
ERR: 无法加载控制器:Data

[ 2017-09-30T15:12:18+08:00 ] 121.204.120.196 /index.php?g=portal&m=index&a=catesearch&first=%E8%80%90%E5%85%8B&keyword=148
NOTIC: D方法实例化没找到模型类Common\Model\ProductModel
NOTIC: D方法实例化没找到模型类Common\Model\TermsModel
NOTIC: D方法实例化没找到模型类Common\Model\TermRelationshipsModel
NOTIC: D方法实例化没找到模型类Common\Model\PostsModel

[ 2017-09-30T15:12:49+08:00 ] 58.22.7.108 /index.php?g=portal&m=index&a=index
NOTIC: D方法实例化没找到模型类Common\Model\ProductModel
NOTIC: D方法实例化没找到模型类Common\Model\TermsModel
NOTIC: D方法实例化没找到模型类Common\Model\TermRelationshipsModel
NOTIC: D方法实例化没找到模型类Common\Model\PostsModel

[ 2017-09-30T15:13:24+08:00 ] 58.22.7.108 /data/upload/business/1506593126code
ERR: 无法加载控制器:Data

[ 2017-09-30T15:13:28+08:00 ] 58.22.7.108 /data/upload/business/1506593126code
ERR: 无法加载控制器:Data

[ 2017-09-30T15:15:27+08:00 ] 58.22.7.108 /data/upload/business/1506593126code
ERR: 无法加载控制器:Data

[ 2017-09-30T15:15:31+08:00 ] 58.22.7.108 /data/upload/business/1506593126code
ERR: 无法加载控制器:Data

[ 2017-09-30T15:16:18+08:00 ] 58.22.7.108 /data/upload/business/1506593126code
ERR: 无法加载控制器:Data

[ 2017-09-30T15:16:48+08:00 ] 58.22.7.108 /data/upload/business/1506593126code
ERR: 无法加载控制器:Data

[ 2017-09-30T15:16:59+08:00 ] 58.22.7.108 /data/upload/business/1506593126code
ERR: 无法加载控制器:Data

[ 2017-09-30T15:19:18+08:00 ] 121.204.120.196 /data/upload/business/1506593126blogo
ERR: 无法加载控制器:Data

[ 2017-09-30T15:19:18+08:00 ] 121.204.120.196 /data/upload/business/1506593126code
ERR: 无法加载控制器:Data

